1: 2 12 11 9 26 25
2: 3 1 14 25
3: 4 2 14
4: 5 3 20 14 19
5: 17 4 23 21
6: 7 21 17 18 25
7: 18 17 8 6
8: 17 9 7 11 16
9: 11 1 24 8
10: 25 24 26
11: 8 12 1 9 13
12: 13 1 11
13: 11 14 12 16
14: 15 4 3 2 13 16
15: 16 22 20 14 23
16: 14 13 8 17 15
17: 6 5 18 7 8 16
18: 6 17 7
19: 4 25
20: 4 15
21: 5 6
22: 23 15
23: 5 15 22
24: 10 9
25: 26 1 2 19 6 10
26: 10 1 25

1: 2 960 959 7 8
2: 3 1 958 15 17 18
3: 4 2 19 21
4: 5 3 958 21 22 693
5: 6 4 959 692
6: 7 8 692 5 22 23 24 25 28 694 695 696
7: 959 1 6
8: 1 9 694 6 28 29 32 33 26
9: 10 8 26 39
10: 11 9 39 40 41 43 45 49 50 697 51 52
11: 12 10 52
12: 13 11 52 53
13: 14 12 53 55 56
14: 15 961 13 56 49 64 65 67 68 69 70 71 72 73 698 699 75 76
15: 2 16 14 76 700 701 702
16: 17 700 701 962 15 76 707 75 706 80 81 82 83 84 702 703 704
17: 2 18 16 85
18: 2 19 17 85 86
19: 3 20 18 86 87
20: 21 19 87 627
21: 3 4 22 20 628 630
22: 4 6 23 963 21
23: 6 24 22 630
24: 6 25 23 630 631 632 633 637 638
25: 6 26 24 638 39
26: 27 8 9 39 25 33 31 34
27: 28 26 34 35 36 37 30 29
28: 6 8 29 27
29: 8 30 27 28
30: 31 27 29
31: 32 26 34 30 33 37
32: 8 33 964 31
33: 8 26 31 32
34: 26 27 35 31 38
35: 27 36 34 38
36: 27 37 35 38
37: 27 31 38 36
38: 34 35 36 37
39: 9 10 40 25 26 637 636 640 641 708
40: 10 41 708 39 642
41: 10 642 40 644 685 709
42: 687 709 43 64 688 689 690 691 714 49 713 711 712 63 710
43: 10 44 710 42 63
44: 45 965 43 716 48 715 47 46
45: 10 46 44
46: 47 44 45
47: 48 44 46
48: 49 44 715 47
49: 10 50 14 42 713 63 48 57 58 59
50: 10 697 51 49 59
51: 10 52 53 54 50 718 717
52: 10 11 12 51
53: 12 13 51
54: 55 717 51 61 62 57 56
55: 13 719 54
56: 13 14 57 54 719
57: 49 58 54 56 62
58: 49 59 57 60
59: 49 50 718 60 58
60: 61 58 59 62 720
61: 54 62 720 60
62: 54 57 60 61
63: 42 43 716 49
64: 643 42 14 65 644 691 686 685 721
65: 64 14 66 623 643 722 646 647 87 89 90 91 92
66: 67 65 92 95 68
67: 14 68 66
68: 14 69 66 67 95 96
69: 14 70 68 97 98 99 101 723
70: 14 71 723 69
71: 14 72 70 104 105 107 108 724 111
72: 14 73 71
73: 14 74 72
74: 698 75 73 699 112 113 115
75: 14 76 16 77 74 115 116
76: 14 15 16 707 75
77: 706 78 75 725
78: 79 725 77 116
79: 80 78 116 118 119 728 82 727 726
80: 16 81 79
81: 16 82 727 80
82: 16 83 79 81 119 120 730 123 124 125 127 729 84
83: 16 731 82
84: 16 85 82 731 128
85: 17 18 87 84 732 129 132 102 593 594 597 88
86: 732 18 19 87
87: 86 19 20 65 733 85
88: 89 85 733 597 596 99 734
89: 65 90 88
90: 65 91 89 735 97 610 611 612 613 92
91: 65 92 90
92: 65 66 93 90 91 739 743 744 738 737
93: 94 92 616 96 747
94: 95 747 93 96
95: 66 68 748 94
96: 68 97 93 94 748 616 617 613 612 611 618
97: 69 98 90 619 96 621 622 749
98: 69 99 735 97 750
99: 69 100 88 734 750 98 596 595
100: 101 99 595 594 102 599 601
101: 69 102 100 601 600 602 603 604 605 606
102: 103 85 593 100 598 101 134 135 106 592 594 606 602 751 609 600
103: 104 102 592
104: 71 105 103 106
105: 71 106 104
106: 107 102 592 104 105 136
107: 71 108 106 137 584 585 586
108: 71 109 107 586 587 588 590 110
109: 724 110 108
110: 111 113 108 109 112 752 584
111: 71 112 752 110
112: 74 110 111
113: 74 114 584 110 137 139 140
114: 115 113 141 142 143
115: 74 75 116 114 144 754
116: 75 78 79 120 115 755 145 146 148
117: 755 118 120
118: 79 756 120 117
119: 79 728 82 756
120: 117 82 148 116 118 757
121: 757 730 122 148
122: 123 148 121 758
123: 82 124 966 122 150
124: 82 125 148 150 123 151 152
125: 82 126 124 145 583
126: 127 125 128
127: 82 128 126
128: 729 84 129 126 127 583 131 130
129: 85 130 128
130: 131 128 129 759
131: 132 583 128 759 130 145 143
132: 85 133 131 143 153 760
133: 134 132 156 141
134: 102 135 141 133 140
135: 102 136 134 138
136: 106 137 138 135
137: 107 113 136
138: 139 135 136 140
139: 113 140 138
140: 113 134 138 139
141: 114 142 133 134 157 761
142: 114 143 761 141 157 158 160
143: 114 144 131 132 153 142 145 160 159 162 762 163 165 167 168 171 172 174 175
144: 115 753 145 143 754
145: 116 146 125 131 143 144 152 151
146: 116 147 145 151
147: 148 151 146
148: 121 116 120 147 124 150 149 122
149: 148 758 150
150: 148 149 123 124
151: 124 152 145 146 967 147
152: 124 145 151
153: 132 760 154 143 177 178 183 185 188
154: 155 153 188 187 191 192 193
155: 156 154 193
156: 133 157 155 193 194 195
157: 141 142 158 156
158: 142 159 157 197 201 763
159: 160 143 161 158 203 764 207 208 209
160: 142 143 159
161: 162 159 765 766 767 768
162: 143 762 163 161 209 208 211 213 214
163: 143 164 162 775 776 777 582
164: 165 163 582
165: 143 166 164 582
166: 167 582 165 215 218 808
167: 143 168 808 166 220 221 222 223 224
168: 143 169 167 224 225 226 809
169: 170 168 227 229
170: 171 169 229
171: 143 172 170 231
172: 143 173 171 231 232
173: 175 172 810 232 233
174: 810 143 175
175: 174 143 176 173 233
176: 177 175 232 231 230 234 235 236
177: 153 178 176 236 811 235 230
178: 153 179 177 238
179: 180 178 238 239 240 241 242 244 246 249 250
180: 181 179 250 248 247 244 254
181: 182 180 254
182: 183 181 254 255 812 257 259
183: 153 184 182
184: 185 183 261 813 244
185: 153 186 184 244 243 191 815 814 190 189
186: 187 185 816
187: 188 154 189 186
188: 153 154 973 187 974
189: 190 185 816 187
190: 191 185 189
191: 154 243 185 815 190 818
192: 817 154 193 243 818
193: 154 155 156 194 192
194: 156 195 243 193 215 380
195: 156 196 194 381
196: 197 195 382 383
197: 158 383 196 819
198: 819 385 382 820
199: 386 820 200 387
200: 199 201 387
201: 821 200 158 202 386 388
202: 201 763 203
203: 202 159 204 821
204: 203 205 388
205: 204 764 206 388 391 392 396
206: 577 205 207 208 578 579 396
207: 159 208 206
208: 206 159 209 162 210 579 578 577 580 207
209: 159 765 162 208 769
210: 208 211 580
211: 210 162 212 581 577
212: 211 822 213 396 395 397 398 399 400 824
213: 212 162 214 975 384 400 401 822
214: 162 771 215 213 778 779 780 781 782 784 576
215: 166 216 194 380 214 269 270 271 273 825 576
216: 217 825 215 273 272
217: 218 216 272 271
218: 166 219 217 827 268 826 277 278 280 281 282
219: 220 218 282
220: 167 221 219 280 829
221: 167 222 220 280
222: 167 223 221 284 831 830 285 288 289 290
223: 167 224 222 290 291 292 293 833 294 832
224: 167 168 225 832 223 294 295 834
225: 168 226 224 227
226: 168 227 225
227: 809 169 228 225 226 295
228: 229 227 295 296
229: 169 170 230 228 297
230: 231 176 234 177 237 229 235 298 299
231: 171 172 232 176 230
232: 172 173 233 176 231
233: 173 175 232
234: 176 235 230
235: 176 835 177 230 234
236: 176 177 811 835
237: 238 230 300
238: 178 179 239 237 300 299
239: 179 240 238 299 301 302
240: 179 241 239 314
241: 179 242 240 315 318 319 321 322
242: 179 243 322 241 323 324
243: 192 244 185 191 242 268 194
244: 179 252 180 253 184 185 243 836 261 260 262
245: 836 246 837 252
246: 179 247 245
247: 248 180 252 246
248: 249 180 247 251
249: 179 250 248 251
250: 179 180 251 249
251: 248 249 250
252: 245 244 247 837
253: 254 244 262 263 264
254: 180 181 182 255 253
255: 182 256 254 264 266
256: 812 257 255 266 267
257: 182 258 256 267
258: 259 257 267 262
259: 182 260 262 258
260: 261 244 259
261: 184 813 244 976 260
262: 244 253 263 258 259 267
263: 253 264 262 267 265
264: 253 255 265 263
265: 266 267 263 977 264
266: 255 256 265
267: 256 257 258 262 263 265
268: 838 243 269 218 276 839 274 275
269: 215 270 268
270: 215 271 269 275 841 840
271: 215 272 217 274 840 270
272: 273 216 217 271 842
273: 215 216 842 272
274: 827 268 275 271
275: 268 270 841 274
276: 268 826 277 325 843
277: 276 218 844 278 325 326 327 328
278: 277 218 279 328 327 329 330 844
279: 278 280 330 331 332 333
280: 279 218 282 220 828 221 283 848 334 336 338 339 845 846 847
281: 845 218 282 847 846
282: 281 218 219 280
283: 280 284 339 849 337
284: 283 222 831 850 285 337
285: 284 222 286 336 340 341 850
286: 285 287 318 316
287: 288 286 316 313 317
288: 222 289 287
289: 222 290 313 288 302 305 317
290: 222 223 305 289 306 308 851 852
291: 851 223 292
292: 308 291 223 293 296 294
293: 223 833 294 292
294: 223 224 295 296 292 293
295: 224 834 227 228 296 294
296: 292 228 297 298 308 295 294
297: 229 298 296
298: 296 230 299 978 303 297 310 311
299: 230 300 238 239 301 298 311 312
300: 237 238 299
301: 239 302 303 309 299 312 311 310
302: 239 289 301
303: 298 979 304 308 301 309
304: 307 303 305
305: 304 289 852 290 307 306 853
306: 305 853 290 307
307: 305 306 304
308: 296 303 290 292
309: 303 310 301
310: 298 311 301 309 854
311: 298 299 312 301 854 310
312: 299 301 311
313: 316 287 317 289 856
314: 857 855 240 315 856
315: 314 241 316
316: 315 286 287 313 857
317: 287 289 313
318: 286 241 319 343 344 330
319: 318 241 320
320: 319 858 321 860
321: 320 241 322 357 858
322: 321 241 242 357 356 327 326 365 324 366 369 370 371 372 373 323
323: 374 322 242 324
324: 325 326 322 323 242 839 365 364 372 376 367 379 366
325: 276 843 277 324
326: 277 327 322 364 324 861
327: 277 328 278 329 322 980 326 356 358
328: 277 278 327
329: 278 330 327 359
330: 278 279 331 318 356 329 332 360
331: 279 332 330 862
332: 279 333 330 862 331 344 343 342 345
333: 279 848 334 332 345 341 354 355
334: 280 335 333 355 354 863
335: 336 340 863 334 354
336: 280 337 285 335
337: 338 283 284 336
338: 280 339 337
339: 280 283 849 338
340: 285 341 354 335
341: 285 342 333 340 345 347 349 350 351 352
342: 343 332 345 341 353
343: 318 344 332 342
344: 318 332 343
345: 332 333 341 346 342 353
346: 347 345 348
347: 341 348 346
348: 349 346 347 353 350
349: 341 350 348
350: 341 351 348 349 353
351: 341 352 350 353
352: 341 353 981 351
353: 342 345 348 350 351 352
354: 333 355 334 335 340
355: 333 334 354
356: 859 357 322 327 358 330 360 361 362 864 865
357: 321 322 356
358: 327 359 356 362 363 867
359: 329 360 867 358 363 361
360: 330 356 361 359
361: 356 362 359 360
362: 356 864 358 363 361 865 866
363: 358 359 362
364: 365 324 861 326
365: 322 324 364
366: 379 324 322 982 367
367: 324 366 368 379
368: 376 367 369 377 378
369: 368 322 370 371
370: 322 371 369
371: 369 322 372 375 370
372: 324 371 322 373 374
373: 322 374 372
374: 372 323 373
375: 378 371 983 376
376: 375 324 368 377
377: 376 368 868 378
378: 377 368 375 868
379: 367 324 366
380: 194 381 382 576 215
381: 195 382 380
382: 198 196 383 381 380 576 384
383: 382 196 197
384: 213 382 385 402 403 405 406 870
385: 384 198 406 407 408 409 410 411 413 386
386: 387 201 388 385 199 414 415 871
387: 199 200 386
388: 201 204 205 389 984 386 415 417 418 421 423
389: 390 985 388 423 422 872
390: 391 872 389 422 424
391: 205 392 390 425
392: 205 393 391 425 427 424
393: 394 392 422 429 431
394: 395 393 433 434 435 436 437 438 397
395: 396 212 873 394
396: 205 206 212 395
397: 212 398 394 873 439 441 442 443 444 445 399
398: 212 399 397
399: 212 400 401 397 398 447 874 449 451 402
400: 212 823 213 399
401: 213 402 399 875
402: 384 403 399 875 401 451 452 453 454 456 457
403: 384 404 402 457
404: 405 403 457 456 458 459 876 462 574 575
405: 384 406 404 575 409
406: 384 385 407 405 409 877
407: 385 408 406 879 880
408: 385 409 877 878 407 880
409: 385 410 574 405 406 408 462 411 881 882
410: 385 411 409 883
411: 385 412 409 881 883 410 430
412: 413 411 570 885 415 884
413: 385 414 412
414: 386 415 884 413
415: 386 871 388 416 412 414 572
416: 417 415 418
417: 388 418 416
418: 388 428 416 417 886 572 573 569 887
419: 886 420 428 888
420: 421 888 986 419 422
421: 388 422 420
422: 423 389 390 424 393 420 421
423: 388 389 422
424: 390 425 392 422 427 426
425: 391 392 426 424
426: 427 424 425
427: 392 424 426
428: 419 429 887 418
429: 393 430 569 428
430: 431 411 429 462
431: 393 432 430 462
432: 433 431 462 461 460 463 464 466 467
433: 394 467 432 889 891
434: 889 394 435 467 891 890 466
435: 394 468 434 892
436: 892 394 437 468
437: 394 438 468 436 466 465 460 439
438: 394 439 437
439: 397 440 437 438 460 469
440: 441 439 471 474 477
441: 397 442 440 477 893 476 478 480
442: 397 479 441 896 895 899 898
443: 896 397 444
444: 443 397 445 479 901 485 487 488 489 491 900
445: 397 446 900 444 491 492 454 566 567 902 568
446: 447 445 568
447: 399 448 453 446 452
448: 874 449 447 450
449: 399 450 448
450: 451 448 449
451: 399 402 452 450
452: 402 447 451
453: 402 454 566 447
454: 402 455 445 453 490 493
455: 456 454 493
456: 402 457 404 458 455 903 493 494 460
457: 402 403 404 903 456
458: 404 459 456 460
459: 404 460 458
460: 876 461 432 463 437 439 469 456 458 459 904 495 496 497 498 501
461: 462 432 460
462: 404 409 430 431 432 461
463: 432 464 904 460 465 905
464: 432 465 463
465: 466 437 463 905 464
466: 432 467 434 468 437 465
467: 434 432 433 466
468: 436 435 466 437
469: 439 501 460 907 906
470: 907 471 501 503 504 505 506
471: 440 472 470
472: 473 471 509 510
473: 474 472 511 513 488 909
474: 440 475 908 473 488 487 486 558 909
475: 476 987 474 558
476: 477 441 478 475 558 559 560
477: 440 441 893 476
478: 441 479 561 476
479: 444 480 442 478 561 482 910
480: 441 481 479
481: 899 910 480
482: 479 483 484 565
483: 901 484 565 482
484: 482 485 561 483 565 912 563
485: 444 486 484 564
486: 913 474 558 485 564 560 914
487: 444 488 474 913
488: 444 489 473 474 487 514 495 494
489: 444 490 494 488 493
490: 491 454 493 489 492
491: 444 445 492 490
492: 445 490 491
493: 454 455 456 489 490
494: 456 495 488 489
495: 460 496 488 494 515 516
496: 460 497 495 516 517
497: 460 498 496 517
498: 460 499 497 516 519
499: 500 498 520 521 915 523
500: 501 525 499 526
501: 470 460 469 500 526 528 529 502
502: 501 503 504
503: 470 504 502
504: 529 502 470 505 506 503
505: 470 506 504
506: 531 504 470 916 507 529 530 528 505
507: 506 508 532 533 534 535 536 916
508: 507 509 523 537 538 552 554 555 557
509: 472 510 508 557
510: 472 511 509
511: 473 512 510 557
512: 513 557 511 555 553
513: 473 514 512 553 552 918 521 515
514: 488 515 513
515: 495 516 513 514 521
516: 495 496 517 498 919 521 515
517: 496 497 516
518: 519 919 520
519: 498 520 518
520: 499 518 519
521: 499 915 522 513 515 516
522: 523 552 917 521 556 918
523: 508 499 524 538 522 551
524: 523 525 538 539 540
525: 524 500 531 527 526
526: 525 500 501 527
527: 525 526 528
528: 530 506 527 501 529
529: 506 528 501 504 530
530: 529 506 528
531: 532 525 506 540 541
532: 507 541 531 542 920
533: 542 920 507 543 541 921
534: 921 507 535 543
535: 507 536 543 534 544 923 922
536: 507 537 543 544 922 535 545
537: 508 538 545 536 546 547
538: 508 523 524 539 543 537 540
539: 524 540 538 924
540: 524 531 541 538 924 539
541: 533 531 532 542 540
542: 541 532 533
543: 534 533 538 547 548 549 925 536 544 535
544: 543 535 923 536
545: 546 925 536 537
546: 537 547 545 549 550
547: 537 543 548 546 550 549
548: 543 549 547
549: 543 546 550 547 548
550: 546 547 549
551: 556 523 552
552: 551 508 553 513 522 556
553: 554 512 513 552
554: 508 555 553
555: 508 512 554
556: 552 522 551
557: 508 509 511 512
558: 474 475 476 559 486 560
559: 476 560 558
560: 476 561 562 486 914 558 988 559 564
561: 479 484 478 560 562
562: 561 563 560 564
563: 484 564 562
564: 485 486 560 562 563
565: 484 911 482 483 912
566: 445 567 453
567: 445 902 568 566 926
568: 445 446 926 567
569: 570 418 429 571
570: 412 885 571 569
571: 572 569 570 573
572: 415 418 573 571
573: 418 571 572
574: 404 575 409
575: 404 405 882 574
576: 382 869 214 215 380 870
577: 578 208 580 211 206 581
578: 206 579 208 577
579: 206 208 578
580: 208 210 581 577
581: 211 577 580
582: 163 164 165 166
583: 125 128 131
584: 107 585 110 113 590
585: 107 586 584 587
586: 107 108 587 585
587: 108 588 585 586 928 927
588: 108 589 587 591 930 929
589: 590 588 931
590: 108 584 928 591 589
591: 927 588 930 931 590
592: 102 103 106
593: 85 594 102
594: 85 595 100 102 593
595: 596 99 100 594
596: 597 88 99 595
597: 85 88 596
598: 599 102 600
599: 100 600 598
600: 601 101 602 102 598 599 609
601: 100 101 600
602: 101 603 102 751 609 600 607 608
603: 101 604 602 934 932
604: 101 605 933 603 608
605: 101 606 604
606: 101 102 607 605 608
607: 602 608 606
608: 602 604 606 607
609: 102 600 602
610: 621 749 90 611 618 622
611: 90 612 96 618 610
612: 90 613 96 611
613: 90 614 96 612 617
614: 739 615 613 744 745 935
615: 738 616 935 614
616: 736 93 96 617 615
617: 96 613 616
618: 610 96 619 621 620 611
619: 618 97 620
620: 618 619 621
621: 618 620 97 622 610 936
622: 97 610 936 621
623: 65 624 648 937 650 651
624: 623 625 652
625: 624 939 626 652 653 940
626: 625 627 630 653 654 655 940 629 941
627: 20 628 626
628: 21 629 627 942
629: 630 626 941 942 628
630: 626 21 23 24 631 632 655 654 629
631: 24 632 630
632: 630 24 633 654 657 943 631
633: 632 24 634 658 659 660 662 944
634: 633 635 663 664
635: 634 636 664
636: 635 637 39 639 665
637: 24 638 39 636
638: 24 25 637
639: 636 945 989 640 666 668
640: 639 39 641 668 669 670 683 945
641: 640 39 946 642 683
642: 641 40 41 682 684 643 946
643: 65 645 642 644 64
644: 41 64 643
645: 722 646 643 684 682 649 648 647
646: 65 647 645
647: 65 648 645 646
648: 623 937 649 645 647
649: 650 682 645 648 670 651
650: 623 651 649
651: 623 652 649 650 670 660 654 653 947 948
652: 624 625 653 947 948 651
653: 625 626 654 651 652
654: 626 655 630 632 660 651 653 681 949
655: 626 630 654
656: 681 949 657
657: 656 632 943 658 681
658: 657 633 659 681
659: 658 633 950 660
660: 659 633 661 651 654 950 669
661: 662 660 671 952
662: 633 663 661 672 953 674
663: 944 634 664 662 674 673
664: 634 635 665 663 673 675 954 676
665: 636 666 664
666: 639 667 665 677
667: 668 666 677 676
668: 639 640 669 667 680 671
669: 640 670 660 671 668
670: 640 649 651 669
671: 661 951 672 668 669 680
672: 662 953 673 671 680
673: 674 663 664 675 672 680 679 955
674: 662 663 673
675: 664 954 676 673 678
676: 664 677 667 678 675
677: 666 667 676
678: 679 955 675 676
679: 680 673 678
680: 668 671 672 673 679
681: 657 658 654 656
682: 683 642 956 645 649
683: 640 641 682
684: 642 645 956
685: 64 721 41 714 686
686: 691 64 685 687
687: 686 42 691 689 957 688
688: 687 42 689
689: 687 957 688 42 690 691
690: 42 691 689
691: 687 689 42 64 686 690
692: 693 5 695 696 6
693: 4 692
694: 6 8
695: 6 990 692
696: 6 692
697: 10 50
698: 14 699 74
699: 14 74 698
700: 15 16
701: 15 702 16 705
702: 15 16 703 701 705
703: 16 704 702
704: 16 705 703
705: 701 702 704
706: 16 77
707: 16 76
708: 39 40
709: 41 42
710: 42 43
711: 42 712 713
712: 42 713 711
713: 42 711 49 712
714: 42 685
715: 44 48
716: 44 992 63
717: 51 993 54
718: 51 59
719: 56 55
720: 60 61
721: 64 685
722: 65 645
723: 69 70
724: 71 109
725: 77 78
726: 79 727
727: 79 726 81
728: 79 119
729: 82 128
730: 82 121
731: 84 83
732: 85 86
733: 88 87
734: 88 99
735: 90 98
736: 737 616
737: 92 736
738: 92 615
739: 92 740 614 745
740: 741 739 745
741: 742 740 745 746
742: 743 741 746
743: 92 744 994 742 746
744: 92 614 745 743 746
745: 614 739 740 741 746 744
746: 741 742 743 744 745
747: 93 94
748: 96 95
749: 97 610
750: 98 99
751: 102 602
752: 110 111
753: 754 144
754: 115 144 753
755: 116 117
756: 119 118
757: 120 121
758: 122 149
759: 130 131
760: 132 153
761: 141 142
762: 143 162
763: 158 202
764: 159 205
765: 161 766 209 770 767
766: 161 767 765
767: 161 768 765 995 766
768: 161 769 767 770
769: 209 770 768
770: 765 768 769
771: 772 214 785 786 787
772: 773 771 787 788 786 789 792
773: 774 772 793 794 796 785
774: 775 773 801 777 776
775: 163 776 774
776: 163 777 774 775
777: 163 778 774 776 801 802
778: 214 779 996 777 802 801 785
779: 214 780 778 785 782
780: 214 781 779 782 807
781: 214 782 780 807
782: 214 783 779 780 807 781 785 803 804 805
783: 784 997 782 806 785
784: 214 785 783
785: 771 786 773 801 778 779 782 803 783 784
786: 771 787 772 789 785 788
787: 771 772 788 786
788: 772 786 787
789: 772 790 786 796
790: 791 789 795 798 799 800
791: 792 790 800
792: 772 793 791 799 797
793: 773 794 792 797 795
794: 773 795 793
795: 796 790 797 793 794
796: 773 789 795
797: 798 792 793 795 799
798: 790 799 797
799: 790 800 792 797 798
800: 790 791 799
801: 774 777 802 778 785
802: 777 778 801
803: 782 804 785 806
804: 782 805 803 806
805: 782 806 804
806: 783 803 804 805
807: 780 781 782
808: 166 167
809: 168 227
810: 173 174
811: 177 236
812: 182 256
813: 184 261
814: 185 815
815: 185 814 191
816: 186 189
817: 818 192
818: 191 192 817
819: 197 198
820: 198 199
821: 203 201
822: 213 212
823: 824 400
824: 212 823
825: 215 216
826: 218 276
827: 218 274
828: 829 280
829: 220 828
830: 222 831
831: 222 830 284
832: 223 224
833: 223 293
834: 224 998 295
835: 236 235
836: 244 999 245
837: 252 245
838: 839 268
839: 324 268 838
840: 270 271
841: 270 275
842: 272 273
843: 276 325
844: 278 277
845: 280 846 1000 281 1001
846: 280 847 281 845
847: 280 281 846
848: 280 333
849: 283 339
850: 285 284
851: 290 291
852: 290 305
853: 305 306
854: 310 311
855: 856 314
856: 313 314 855
857: 316 314
858: 321 320
859: 860 356
860: 320 859
861: 326 364
862: 331 332
863: 334 335
864: 356 865 362 866
865: 356 362 866 864
866: 362 864 865
867: 358 359
868: 378 377
869: 870 1002 576
870: 384 576 869
871: 386 415
872: 389 390
873: 397 395
874: 399 448
875: 401 402
876: 404 460
877: 406 408
878: 879 408 880
879: 407 880 878
880: 407 408 878 879
881: 409 411
882: 409 575
883: 410 411
884: 412 414
885: 412 1003 570
886: 418 419
887: 418 428
888: 419 420
889: 433 890 434
890: 891 434 889
891: 433 434 890
892: 435 436
893: 441 477
894: 895 896
895: 442 896 894
896: 442 894 443 895
897: 898 899
898: 442 897
899: 442 897 481
900: 444 445
901: 444 483
902: 445 567
903: 456 1005 457
904: 460 463
905: 463 465
906: 469 907
907: 469 906 470
908: 909 474
909: 473 474 908
910: 479 481
911: 912 565
912: 484 565 911
913: 487 486
914: 486 560
915: 499 521
916: 507 506
917: 918 522
918: 513 522 917
919: 518 516
920: 532 533
921: 533 534
922: 535 536
923: 535 544
924: 539 540
925: 543 545
926: 567 568
927: 587 591
928: 587 590
929: 588 1006 930
930: 588 929 591
931: 589 591
932: 603 934
933: 934 604
934: 603 932 933
935: 614 615
936: 621 622
937: 623 648
938: 940 939
939: 938 625
940: 626 625 938
941: 626 629
942: 628 629
943: 632 657
944: 633 663
945: 640 639
946: 642 641
947: 651 652
948: 651 652
949: 654 656
950: 660 659
951: 952 671
952: 661 951
953: 662 672
954: 664 675
955: 673 1007 678
956: 684 682
957: 687 689
958: 4 2 959
959: 5 958 1 7
960: 1
961: 14
962: 16
963: 22
964: 32
965: 44
966: 123
967: 968 151 969 970 971 972
968: 969 967
969: 967 970 968
970: 967 971 969
971: 967 972 970
972: 967 971
973: 974 188
974: 188 973
975: 213
976: 1008 261
977: 265
978: 298
979: 1009 303
980: 327
981: 1010 352
982: 366
983: 375
984: 388
985: 389
986: 420
987: 475
988: 560
989: 639
990: 991 695
991: 990
992: 716
993: 717
994: 743
995: 767
996: 1011 778
997: 783
998: 834
999: 836
1000: 1001 845
1001: 845 1000
1002: 869
1003: 1004 885
1004: 1003
1005: 903
1006: 929
1007: 955
1008: 1012 976
1009: 979
1010: 981
1011: 996
1012: 1008

1: 2 1423 1424 21 22 23
2: 3 1 1423
3: 4 2 23
4: 5 3 1423 23 24 26
5: 6 4 1110 28 29 30
6: 7 5 1424 1423 31
7: 8 6 31 1112 33 35 37 38 1111 39
8: 9 7 1424 39 40 1114 42 1113 43
9: 10 8 1424 44 1116 48 1115 13 12
10: 11 9 12
11: 12 10 1424
12: 13 9 10 11
13: 14 9 12 48 49 50 53 54 1118 55 1117 57 58 59 60 61
14: 15 13 1424 61 63 64
15: 16 14 1424 64 65 66
16: 17 15 1424 66 67 69 70 71 72 73 19
17: 18 1425 16 19 1109
18: 19 1427 17 1424 1109 1428 1429
19: 20 16 17 1109 18 1424 73 74 75
20: 1424 21 19 76 79 81 85 87 88 90 91 92 23
21: 1 22 20 23 1119
22: 1 23 1119 21
23: 1 3 4 24 20 21 22 92 95 96
24: 4 25 23 99
25: 26 24 99 98 100 27
26: 4 1110 27 25
27: 28 25 26 1103
28: 5 29 27 1105 31 1120 30
29: 5 30 28
30: 5 31 28 29
31: 6 7 32 28 1120 30 1106 1107
32: 1112 33 31
33: 7 34 1103 1430 32 100 1107
34: 35 33 101 102 103 1122 1121
35: 7 36 34 104 105 44 43
36: 37 35 1123
37: 7 38 1113 43 36 42 41
38: 7 1111 39 41 37 40 1124
39: 7 8 40 1124 38
40: 8 38 39
41: 1114 42 37 38
42: 8 37 41
43: 8 44 35 1123 37
44: 9 45 35 43 106 1125 107
45: 46 44 108 1126 1127 1128
46: 47 1126 45 109 110 111 1128 1129
47: 1116 48 46 111 116 118 119 120 121
48: 9 1115 13 49 47
49: 13 50 48 121 123 124
50: 13 51 49 124 1130 125 126 127 128
51: 52 50 1131 123 131 132 133 134 135
52: 53 51 1132 1133 136
53: 13 54 52 137 138 1135 1102 1134
54: 13 1118 55 1134 53 1102 1101
55: 13 1117 56 54 1101
56: 57 1101 55 139 1138
57: 13 58 56 140 143
58: 13 59 57 144
59: 13 61 58 1139 1141 147
60: 1139 13 61
61: 60 13 14 62 59 147
62: 63 61 148 150
63: 14 64 65 1431 62 150
64: 14 15 63
65: 15 66 63 150
66: 15 16 67 65 151
67: 16 68 66 151 149 148 75 1142
68: 75 67 1097 1143
69: 1145 1100 1143 16 70
70: 69 16 71
71: 70 16 72 1144 1100
72: 1097 71 16 73 1100
73: 72 16 19 74 1096 1098
74: 73 19 75 1098
75: 74 19 76 67 1142 68 1099 1096 148 152 153 155 156
76: 20 77 75 156 159
77: 78 76 159 160 1156 162 166 1155 169 1146 1148 1149 1150
78: 79 1146 77 174 175 1150 1151
79: 20 80 78 175 177 178 180 181 182 1158 1157
80: 81 79 185 186
81: 20 82 80
82: 83 81 187 188 190 192
83: 84 82 192 1159 195 198
84: 86 83 1160 123 937 938
85: 1160 20 86
86: 85 87 84 938
87: 20 88 86
88: 20 89 87 122 1161
89: 90 88 92
90: 20 91 89 92
91: 20 1162 90
92: 20 23 93 89 90 1162 939 122
93: 94 92 940
94: 95 93 941 942 944 946
95: 23 96 94 946
96: 23 97 95 946 947
97: 98 96 947 949 950 951
98: 99 25 100 97 951
99: 24 25 98
100: 25 33 101 98 952 953 955 956 958
101: 34 102 100
102: 34 103 101 958 1163 960
103: 34 104 105 102 961 1164 1165
104: 1122 35 103
105: 35 106 1164 103 961 1165
106: 44 1125 107 105 961 962 963 964
107: 44 108 106 965 966 967 969 971
108: 45 109 107 971 972
109: 46 110 108 973 975 112 111 1095
110: 46 111 109 1095
111: 46 47 112 109 1095 110
112: 113 109 111 975 976 977 978 1166 980 981 982 956
113: 114 112 956 955 1015
114: 115 113 1015 1016 1017
115: 116 114 1018 1019 1020 1021 1023 1025 1026 117
116: 47 117 115
117: 118 115 116 1026
118: 47 120 1432 117 1167 1169 1026 1027 1029
119: 1167 1168 47 120
120: 119 47 121 118 1029 1018
121: 47 49 122 1433 120 1018 1033
122: 123 88 939 92 940 121 938 937
123: 49 124 51 131 84 937 122 200
124: 49 50 1130 125 123 128
125: 50 126 124 128 129 130
126: 50 127 125 130 129 128
127: 50 128 126
128: 50 1131 124 125 129 126 1434 127
129: 125 130 126 128
130: 125 126 129
131: 51 132 123 200 201 202 194 193 226 227
132: 51 133 131 227 226 229 230 232 233 237
133: 51 134 132 238 239
134: 51 135 133 1170
135: 51 1132 136 134 1133 239 240
136: 52 137 135 240 242 243 245
137: 53 138 136 246 139
138: 53 1135 139 137
139: 56 1136 140 137 138 1138 1137
140: 57 141 139 246 245
141: 245 140 247 249 1171
142: 249 1171 143
143: 142 57 144 186 1172 340
144: 58 1140 145 143 344 346 347
145: 347 144 1173
146: 1173 147 347 346 345 152 1174 148
147: 59 61 148 146
148: 62 149 67 75 152 146 147
149: 150 151 67 148
150: 62 63 65 149
151: 66 67 149
152: 75 153 146 1174 148 344 348
153: 75 154 152 349 1176
154: 155 153 349 350 351
155: 75 156 154 351
156: 75 76 157 155 353 163 934
157: 158 156 934 935
158: 159 157 935 936
159: 76 77 160 158 936
160: 77 161 159 936 934 163
161: 1156 162 160 163
162: 77 163 161
163: 164 156 1180 160 161 162 354 1177 1178 356
164: 356 163 357 1181
165: 357 1181 166 354 353
166: 77 1155 167 165 359 352 361
167: 168 166 364 365 366
168: 169 167 366
169: 77 170 168 366 367 368
170: 171 169 369 370 372 373 375
171: 375 170 1182
172: 1182 173 1435 375 376 377 378 379
173: 174 172 379 381 382 383 366 392
174: 78 175 176 173 392
175: 78 79 174
176: 177 1436 174 392 393
177: 79 178 176 393 392
178: 79 179 177 392
179: 180 178 1183 395
180: 79 181 179 1184
181: 79 182 1184 180 395 397
182: 79 183 181 397 398
183: 184 182 398 399
184: 1158 185 183 401
185: 1157 80 186 339 184 401 402 404 405 406 407 1185 1186 1187
186: 143 80 187 185 339
187: 186 82 188 251 252 253
188: 187 82 1188 189 253 255 256 266
189: 188 190 266 267 1188
190: 189 82 191 267
191: 190 192 267 268 1190
192: 191 82 83 193 226 269 270 272 273 275 1193 1191
193: 194 131 226 1191 192
194: 1159 195 131 193 202 225
195: 83 196 194 225
196: 197 195 225
197: 198 225 196 202 203 224 199
198: 83 199 197
199: 200 197 198 224 1194
200: 123 131 203 1197 199 205 1195
201: 205 1195 131 202 207 210 211 212 214 215
202: 201 131 194 197 203 215 214
203: 202 197 200 214 204
204: 206 203 205 216 217 219 212 220 222
205: 204 200 201 206
206: 205 207 204 222 223 1199 1198
207: 201 208 222 1199 206 220 221 223
208: 209 207 221 212
209: 210 208 212
210: 201 211 209 212
211: 201 212 210
212: 201 213 204 220 208 209 210 211 219
213: 214 212 219
214: 201 215 202 203 216 213 1200 1201
215: 201 202 214
216: 204 217 214 219 1206 1205
217: 204 218 1204 216
218: 219 1206 217
219: 204 212 213 1200 216 218 1203
220: 204 207 221 212
221: 207 208 220
222: 204 206 223 207
223: 206 207 222
224: 197 199 1194 1196
225: 194 195 196 197
226: 192 131 227 132 228 230 275 277 278 279 280 1207 193
227: 131 132 226
228: 229 230 226
229: 132 230 228
230: 226 132 231 280 283 285 229 228
231: 230 232 233 285 284 287 289
232: 132 233 1208 231
233: 231 132 234 289 291 232 1208
234: 233 235 291 290 292 293
235: 234 236 239 293
236: 237 239 235
237: 132 238 239 236
238: 133 239 237
239: 235 133 1170 135 1437 240 294 296 297 238 237 236
240: 239 135 136 241
241: 240 242 297
242: 241 136 1209 243 295 298 299 301 302 288
243: 242 136 244 288 271 337 338 1209
244: 243 245 338
245: 244 136 246 140 141 337 1210
246: 137 140 245
247: 336 337 1210 141 248
248: 247 249 265
249: 250 248 141 142 257
250: 1172 251 249 257 258
251: 187 252 250 258
252: 187 253 251 258 261 262
253: 187 188 254 1438 252 1211 260
254: 1214 253 1215
255: 188 260 1213 1212 1217 1218 264 1216
256: 264 1216 188 257
257: 263 256 249 250 258 264
258: 257 250 251 252 259
259: 258 260 263
260: 259 261 253 1215 255 263
261: 252 262 260
262: 252 1211 261
263: 259 260 1217 257 1218
264: 257 255 256
265: 248 266 269 336 1219 271 270
266: 188 189 267 1219 265 268
267: 189 190 191 268 266
268: 191 266 1439 267
269: 1189 192 270 265
270: 192 271 265 269
271: 272 243 336 265 270 327
272: 192 273 271 327 328
273: 192 274 272 329
274: 275 273 329
275: 192 1192 226 276 274 1193
276: 277 275 329 330 331
277: 226 278 276 331 332 333
278: 226 279 277 335
279: 226 280 278 335 282 281
280: 226 1207 230 281 279
281: 282 279 280
282: 283 335 279 281 333
283: 230 284 282 334
284: 285 231 286 283 334
285: 230 231 284
286: 287 334 284 332 1223 1222 1221
287: 231 288 1220 286 1221
288: 289 242 243 327 328 332 287 331 329 1227 1228 1224 1225
289: 231 233 290 294 1440 288 302 303
290: 291 234 292 289 293
291: 233 234 290
292: 234 293 290
293: 234 235 290 292
294: 239 295 289 303 304 305 306 307
295: 296 242 298 294 307 299
296: 239 297 1441 295
297: 239 241 296
298: 242 299 295
299: 242 300 295 298 308 309
300: 301 299 310
301: 242 302 300
302: 242 289 303 301 310
303: 289 294 304 302 310
304: 294 305 303 311 1230
305: 294 306 304 312 313 1231 318
306: 294 307 308 305 318 319 322 309
307: 294 295 1442 306
308: 299 309 306
309: 299 310 306 308 322
310: 300 302 303 311 309 322 323 318
311: 304 312 313 310
312: 1230 305 311
313: 305 314 311 325 315
314: 1231 315 313
315: 316 313 314 325 324 326
316: 317 315 326
317: 318 324 316
318: 305 306 319 310 317 323
319: 306 320 318
320: 321 319 323
321: 322 323 320
322: 306 309 310 321
323: 310 318 320 321
324: 325 315 326 317
325: 313 315 324
326: 315 316 324
327: 271 272 288
328: 272 329 1224 288 1225
329: 273 274 276 330 288 1226 328 331 1229
330: 276 331 329
331: 276 277 288 329 330
332: 277 333 286 1223 288
333: 277 282 332
334: 283 284 286
335: 278 279 282
336: 265 247 271
337: 243 338 245 247
338: 243 244 337
339: 186 340 185 341
340: 143 341 339
341: 342 339 340 408 410 411
342: 343 341 411 413
343: 344 342 413 414 415 416 419
344: 144 345 152 348 343 419 420 421 397 924 927
345: 346 146 344
346: 144 347 146 345
347: 146 144 145 346
348: 152 349 344 927
349: 153 1175 154 350 1443 348 1176 927 928 929
350: 154 351 352 349 929 931
351: 154 155 350
352: 353 166 361 350 360 358 366
353: 156 354 165 358 352
354: 165 163 355 357 353
355: 354 1179 356
356: 355 163 164
357: 354 164 165
358: 359 352 353 1232
359: 166 360 358
360: 352 1232 359
361: 166 362 352 366 365
362: 363 361 365
363: 364 362 365
364: 167 365 363
365: 167 366 361 362 363 364
366: 167 168 169 367 173 392 352 361 365 383 380 384 385 1235 368 1233
367: 169 368 1233 366
368: 169 369 366 367 386 385 379 388 377 1236 1237 374 389
369: 170 370 368
370: 170 371 369 389 373 1238
371: 372 1238 370 390
372: 170 391 371 1239 1240
373: 1239 170 374 370 390 391 1240
374: 375 376 377 368 389 373
375: 172 170 171 374 376
376: 375 172 374
377: 172 378 368 1236 374 388 1241 1242 1237
378: 172 379 1241 377 387 1242
379: 172 173 380 368 387 378 385
380: 381 366 384 1444 379
381: 173 382 1445 380
382: 173 383 381
383: 173 366 382
384: 366 385 380
385: 366 386 368 379 1446 384
386: 1234 368 385 1235
387: 388 378 379
388: 368 377 387
389: 368 370 374
390: 371 391 373
391: 373 372 390
392: 173 174 176 393 177 178 394 366 932 933 925 1243 395
393: 176 177 392
394: 1183 395 392
395: 179 181 396 392 394 925
396: 397 925 395 924
397: 181 182 398 344 924 396 421 417 416 423
398: 182 183 399 397 423 424
399: 183 400 1447 398
400: 401 399 424 425
401: 184 185 402 400 425
402: 185 403 401 425 426 427 428 430 1245 408 918 919 1244 920 921
403: 404 402 921
404: 185 405 403 923
405: 185 406 404 923 922
406: 185 407 922 405
407: 185 1185 408 406 1187 921 920 918
408: 341 409 402 918 407 430 431 432 433
409: 410 408 433 434 435 440 441 442
410: 341 411 409 442
411: 341 342 412 410 442 443 444
412: 413 411 445 917 414 1247
413: 342 343 414 1246 412 1247
414: 343 415 412 413
415: 343 416 414 917 1248
416: 343 417 397 422 415 917
417: 418 397 416 421
418: 419 420 417 421
419: 343 344 418
420: 344 421 418 1249
421: 344 397 417 418 1249 420
422: 423 917 416 445 440 448
423: 397 398 424 422
424: 398 400 425 423 448 438 449 426
425: 400 401 402 426 424
426: 402 427 424 425 1250 451 452 453 455
427: 402 428 426 455 456 429
428: 402 429 427
429: 430 427 428 456 457
430: 402 1245 408 431 429 457 1251 459
431: 408 432 430 459
432: 408 461 431 1252
433: 1252 408 409 434 1253 461 462 463 464
434: 409 435 433 465 466
435: 409 436 434 1254 470 471 474 475 477 478 479 480 482 483 484 485
436: 437 435 485 486 487 489 490 492 495 496 497 1255
437: 438 436 497 498
438: 439 424 449 437 448 499 450
439: 440 438 448
440: 409 441 422 448 439 446
441: 409 442 440 446 1256
442: 409 410 411 443 1256 441 446 447 444
443: 411 444 442
444: 411 445 442 443 447 1257
445: 412 422 446 444
446: 440 441 442 447 445
447: 442 444 1257 446
448: 422 424 438 439 440
449: 424 450 438
450: 1250 451 438 449 499 500 501 1258
451: 426 452 450 502 504 1261 1260 507 509 512 513
452: 426 453 451 513 454
453: 426 454 452
454: 455 452 453 513 514 1262 515 516 517 457
455: 426 427 456 457 454
456: 427 429 455
457: 429 430 458 454 455 517 522 524 525
458: 1251 460 457 916 1263
459: 1264 1263 430 431 460 1265
460: 459 461 525 458 916
461: 433 432 460 525 462 1253
462: 526 461 433 463 527 529 530 531
463: 462 433 464 468 531 530 533 465
464: 433 465 463
465: 434 466 468 1266 463 464 1268 1267
466: 434 467 468 1448 465
467: 1254 468 466
468: 463 469 533 534 535 536 537 538 539 540 467 466 465 1268
469: 468 470 543 544 546 547 549
470: 469 435 471
471: 470 435 1269 551 549 550
472: 551 473 552 1269
473: 472 474 476 552 1271 554 1270 555 556
474: 435 475 473
475: 435 476 474
476: 473 477 475
477: 476 435 478 556 558 560 561 562 563
478: 477 435 479 563 565 532 530 613 614 615 528 527 619
479: 478 435 480 481 620 621
480: 435 481 479
481: 479 482 483 480
482: 435 483 481
483: 481 435 484 482
484: 483 435 485 621 622 1272 627 628
485: 914 484 435 436 486 629
486: 485 436 487 488
487: 436 488 486
488: 486 489 491 914 487 1273
489: 436 1274 915 488
490: 436 491 1274
491: 488 492 493 914 629 630 632 633 634 636 490 915
492: 436 493 491
493: 491 494 638 492
494: 493 495 638 639
495: 494 436 496
496: 495 436 497 498 639 637
497: 436 1255 437 498 496
498: 496 437 499 1276 501 637 1277 642 643 497
499: 438 450 498
500: 450 501 1275 1276
501: 498 450 1258 502 644 646 647 500
502: 501 451 503 647
503: 502 504 505
504: 451 1261 505 503
505: 503 1278 506 648 650 651 1279 655 504
506: 505 1259 507 656 657 658 659 660 661 1278 1260
507: 506 451 508
508: 913 507 509 662 1280
509: 508 451 510 913
510: 509 1449 511 913
511: 510 512 515
512: 451 513 515 511 514
513: 451 452 454 514 512
514: 454 1262 515 512 513
515: 511 454 516 1282 663 1281 665 514 512
516: 515 454 517 665 664
517: 516 454 457 518 664 666
518: 517 519 667 1283 670 671
519: 518 520 674
520: 519 521 655
521: 911 520 522 655 713
522: 521 457 523 911 912
523: 522 1284 524 912 910 713
524: 523 457 525 1284
525: 461 524 457 460 713 714 715 642 719 526
526: 527 525 462
527: 462 528 478 618 526 719 720 721 722 723 724
528: 529 478 527 615 617
529: 462 530 528 617
530: 462 531 463 532 478 613 529 1286 1285
531: 462 463 1286 530
532: 533 478 530 565
533: 463 468 534 532 565 567 568 569 547
534: 468 535 533 547
535: 468 536 534
536: 468 537 535 547 606 608 541
537: 468 538 536 541
538: 468 539 537 541
539: 468 540 538
540: 468 541 539
541: 542 536 537 538 540 609
542: 543 541 609 610
543: 469 544 542 610
544: 469 545 543
545: 546 544 610 611 605
546: 469 547 545
547: 469 548 533 534 536 605 546 569 571 561 1287 574 575
548: 549 551 575 547 550
549: 469 471 550 548
550: 471 548 549
551: 471 472 548 577 579 553 552
552: 551 472 473 553
553: 578 551 552 1271 554 579
554: 553 473 1270 555 580 578 581
555: 473 581 554 1289
556: 1288 473 477 1290 580 581
557: 582 558 559 583 1290
558: 477 559 557
559: 557 560 575 583 584 585 586 577 576 558 602 1291
560: 477 561 1287 574 559 603 604
561: 477 562 547 560 571 572 565 573
562: 477 563 561 1293
563: 477 478 564 562
564: 565 563 573 1294
565: 478 532 533 566 561 573 1294 564
566: 567 565 572 571
567: 533 568 566 571 570 569
568: 533 569 567
569: 533 547 570 567 568
570: 571 567 1450 569
571: 547 561 572 566 567 1451 570
572: 561 566 571
573: 561 1292 564 565
574: 547 575 603 560 1295
575: 559 547 548 576 574 602
576: 559 575 577
577: 587 559 576 551 578 588
578: 554 580 577 579 553 588
579: 551 553 578
580: 554 582 578 590 591 556 581
581: 556 580 554 555
582: 580 557 591 592 583
583: 592 582 557 559 584
584: 583 559 585 586 593 596
585: 559 586 584
586: 584 559 587 598 590 601 1296 589 588 585
587: 586 577 588
588: 586 587 577 578 589
589: 601 586 588 590
590: 593 586 589 580 591 592 594 1297 601
591: 580 582 590
592: 590 582 583 593
593: 592 584 594 590
594: 595 590 1297 1452 593 598 597 599 1298
595: 596 594 599 597 600
596: 584 597 595 600
597: 598 594 599 595 600 596
598: 586 594 597
599: 594 1298 595 597
600: 595 596 597
601: 590 586 1296 589
602: 575 559 603
603: 602 1291 560 604 574
604: 560 1295 603
605: 610 545 547 1299 611
606: 1299 536 607 610 612
607: 608 606 612
608: 536 609 607 612
609: 541 542 610 612 608
610: 606 542 543 545 611 605 609 612
611: 545 605 610
612: 610 606 607 608 609
613: 478 614 617 530 615 616
614: 478 615 613 616
615: 478 528 613 616 614
616: 613 614 615
617: 528 529 613
618: 619 527 724 725 1300
619: 478 620 618 727 726 725 724 728
620: 479 621 622 619 728 1302 1301 723 730 731
621: 479 484 620
622: 484 623 620 731 732
623: 624 622 733 734
624: 1272 625 623
625: 626 624 734 735 736 737 738 740
626: 627 625 1303 741 743 744
627: 484 628 1453 626
628: 484 629 627 744 746
629: 485 491 630 628 746 748
630: 491 631 629
631: 632 1454 630 748 749 750 751
632: 491 633 631 751 752 753 634
633: 491 634 632
634: 491 635 632 633 753 1304 755 756
635: 636 634 756 757
636: 491 637 635 730
637: 638 496 498 640 636 639 730
638: 493 494 639 637
639: 494 496 637 638
640: 641 719 637 718 723 900 1305 903
641: 1277 642 640 718
642: 498 643 525 718 641 715
643: 498 644 642 713 655 716 717
644: 501 645 643 717
645: 646 1455 644 654
646: 501 647 654 645 653 652
647: 501 502 648 646
648: 505 1306 647
649: 650 1306 651 1307
650: 505 651 1307 649
651: 505 652 649 650
652: 653 646 651
653: 1279 646 652
654: 655 645 646 716
655: 505 656 520 521 713 643 716 654 674 676 677 678 1309 1308
656: 506 657 655
657: 506 658 656 680 682 684 686
658: 506 659 657 686 687
659: 506 660 658 687 1310 661
660: 506 661 659
661: 506 662 659 660 1311
662: 508 663 661 688 689 670 710 669 664 1313
663: 1280 515 664 1312 662
664: 1281 665 516 517 668 662 663 1314 669
665: 515 516 664
666: 1314 517 667 668
667: 518 668 666
668: 666 669 664 667
669: 1283 670 662 664 668 711 712
670: 518 671 662 710 669 712
671: 518 672 670 689 688
672: 673 671 688 690 686 691 693 694
673: 674 672 695 675
674: 519 655 675 673
675: 676 673 674 678
676: 655 678 675 1315
677: 1315 655 678
678: 677 655 679 675 676 696 1316
679: 1309 680 678 697 696 698 681
680: 1308 657 681 679
681: 682 679 680 698 696 695 699 701 702 703
682: 657 683 681 703
683: 684 682 705 702 707 686 685
684: 657 685 683
685: 686 683 684
686: 657 658 687 672 691 683 685 690 688 707 708
687: 658 659 688 686
688: 1310 1311 662 689 671 672 690 686 1456 687
689: 662 671 688
690: 672 686 688
691: 672 692 686
692: 693 699 691 708 702
693: 672 694 692 695
694: 672 695 693
695: 673 696 681 693 694
696: 678 697 679 698 681 695
697: 1316 679 696
698: 679 681 696
699: 681 700 692 702
700: 701 699 702 709
701: 681 702 700 709 1317
702: 681 703 683 707 692 699 700 709 701 705 704 706 1318 708
703: 681 682 704 1318 702 706
704: 705 702 706 703
705: 683 702 704
706: 702 703 704
707: 683 686 708 702
708: 686 692 702 707
709: 700 701 1317 702
710: 662 711 670 712
711: 669 1319 710
712: 669 670 710 1319
713: 521 523 525 714 643 1457 655
714: 525 715 1458 713
715: 525 642 714
716: 643 717 654 655
717: 643 644 716
718: 640 641 642
719: 525 527 720 640 721
720: 527 721 719
721: 527 723 719 720 1320 904 905 907
722: 1320 527 723
723: 722 527 724 620 730 640 900 1459 721 729 907 908 1322 1321
724: 527 618 1324 619 728 723 729
725: 618 726 619 1323
726: 727 619 725
727: 1300 619 726
728: 619 620 1302 729 724
729: 723 724 728
730: 620 731 636 637 723 757
731: 620 622 732 730 757 760 761
732: 622 733 731 761 1325 762 763
733: 623 734 732 764 767
734: 623 625 735 733 767 766 746 745 885 738 736
735: 625 736 734
736: 625 737 734 735
737: 625 738 736
738: 625 739 734 737 886
739: 740 738 886 887 889 890 891 742
740: 625 1303 741 739 742
741: 626 742 740 1326
742: 743 739 740 1326 741 891 892 893 894 1328 895 896 897 1327
743: 626 744 742
744: 626 628 745 743 1329
745: 746 734 1330 1329 744
746: 628 629 747 734 745 766 768 769 1331 771
747: 748 746 771 1333 770 1332 772 749
748: 629 631 749 747
749: 631 750 747 748 772 774
750: 631 751 749 774 775 776 778 779 752
751: 631 632 752 750
752: 632 753 750 751 779 780 1334 759 880
753: 632 634 754 752 880 759 881
754: 1304 755 753
755: 634 756 754 882
756: 634 635 757 755 882
757: 635 730 731 758 756
758: 759 757 883
759: 760 752 880 753 881 758 781 883 884
760: 731 761 762 759 781 783 784 786 1336 1335 763
761: 731 732 1325 760
762: 732 763 760
763: 732 764 760 762
764: 733 765 763
765: 766 1335 764 768
766: 767 734 746 768 765
767: 733 734 766
768: 746 769 1336 765 766 786 789 790 791
769: 746 793 768 795 796 797 799 800 802 1337
770: 798 1337 1331 771 747 1332 772 809 810 811 812 814 802 1339 804 1338
771: 746 747 1333 1338 770
772: 770 747 749 773 814 813
773: 772 774 813 812 816 1340 818
774: 773 749 750 775 777 818 817 819 820 824 825 829 830 776
775: 750 776 774
776: 750 777 774 1460 775
777: 879 774 1341 780 1344 1343 1342 830 831 832 1345 833 834 776
778: 750 779 1341
779: 750 752 780 1346 778
780: 777 752 1334 781 879 878 779 1346
781: 780 759 760 782 878 834 835 836 840 827
782: 781 783 827 826
783: 782 760 784 793 842
784: 760 785 783 792 867
785: 786 784 867 791
786: 760 768 787 785 791
787: 788 786 791
788: 789 787 868 869
789: 768 790 788 869 870 872
790: 768 791 789 873
791: 768 792 785 786 787 868 790 867 866 865 873 874
792: 793 784 865 1461 791
793: 783 1462 769 1347 794 792
794: 842 793 795 843 844 1348
795: 794 769 796 844
796: 795 769 797 844 845
797: 796 769 798
798: 797 799 770 808 1349
799: 769 800 798 804
800: 769 801 799 804 803 805
801: 802 800 805 807
802: 769 770 803 801 807 806 805
803: 1339 804 800 805 802
804: 770 1349 799 800 803
805: 800 801 806 802 803
806: 807 802 805
807: 801 802 806
808: 846 798 1463 809
809: 808 770 810
810: 809 770 1464 811 846
811: 810 770 812 848 850 851
812: 811 770 813 773 815 824 851 1350 854 821 822
813: 814 772 773 812 1351
814: 770 772 1351 813
815: 816 812 822 823
816: 773 1340 817 815 823
817: 818 774 819 816
818: 773 774 817
819: 774 820 817 823 1352 1353
820: 774 821 819
821: 812 822 820 1354 1355 1356
822: 812 815 823 1352 1354 821 1353 1356 1355
823: 815 816 819 822
824: 812 774 825 854 855 860
825: 824 774 826 860
826: 825 827 782 841 860 861
827: 828 781 782 826 840 1358
828: 829 840 827 836 837 830
829: 774 830 828
830: 774 777 831 828 1465 829 837 836 838 833
831: 777 832 830 833
832: 777 1345 833 831
833: 777 834 830 831 832 838
834: 777 781 835 833 838 839
835: 781 836 838 834 839 1359
836: 781 828 1360 830 835
837: 828 830 1360
838: 830 833 834 839 1359 835
839: 834 835 838
840: 781 827 1357 1466 828
841: 826 842 861 843
842: 841 783 1347 794 843
843: 861 841 842 794 844 862 1361
844: 843 794 1348 795 796 845 846 848 847 864
845: 796 846 844
846: 810 844 808 864 1362 847 845
847: 844 863 846 848
848: 844 847 811 849
849: 848 850 859 856 853
850: 811 851 849 853 852
851: 811 812 852 850
852: 853 850 1467 851
853: 1350 854 855 849 850 852 856 857
854: 812 824 853
855: 824 856 853 858
856: 849 853 857 855 858
857: 853 858 856
858: 855 856 857
859: 1361 849 860
860: 862 859 824 825 826 861
861: 860 826 841 843 862
862: 861 843 1468 860
863: 864 1362 847
864: 844 846 863
865: 1363 791 792
866: 867 791 1363
867: 784 785 791 866
868: 788 869 791 874
869: 788 789 870 868 874
870: 789 874 869 1364
871: 1364 872 874 875
872: 789 873 871 875 876 877
873: 790 791 874 877 1469 872
874: 871 791 868 869 870 873 877 875
875: 874 871 872 876 877
876: 872 877 875
877: 874 875 872 873 876
878: 780 781 1344 879
879: 780 878 1343 777
880: 752 753 759
881: 753 882 759 1365
882: 755 756 883 1365 881 884
883: 758 759 884 1470 882
884: 759 882 883
885: 734 886 1330 897 898 888 899
886: 738 739 887 885 899 888
887: 739 888 886
888: 889 885 899 886 887 898 891
889: 739 890 888 891
890: 739 891 889
891: 739 742 892 888 889 1471 890
892: 742 893 891 897 1367
893: 742 894 892 896 895 1368
894: 742 1328 895 893
895: 742 896 893 1368 894
896: 742 897 893 895
897: 742 1327 885 898 892 1366 896 1367
898: 885 888 897
899: 885 886 888
900: 640 901 723 908
901: 1305 902 900 908 909
902: 903 901 909
903: 640 904 902 1369 907 906
904: 721 905 903
905: 721 906 904
906: 907 903 905
907: 721 723 908 1370 903 1472 906 1371
908: 723 1322 900 901 907
909: 901 902 1369 1371 1370
910: 912 523 911
911: 522 910 521
912: 522 523 910
913: 509 510 1282 1473 508
914: 488 491 485
915: 491 1273 489
916: 460 458 1265 1264
917: 412 415 1248 416 422
918: 402 919 407 408
919: 402 1244 920 918
920: 402 921 407 919
921: 402 403 407 920
922: 923 405 406
923: 404 405 922
924: 344 396 1474 397
925: 926 392 1243 395 396 933
926: 927 933 925 932
927: 344 348 349 928 926 1372 931
928: 349 929 927 930
929: 349 350 930 928
930: 931 928 929
931: 350 1373 927 930 1374
932: 392 926 1372 1375 1373
933: 392 925 926
934: 156 157 935 936 160 1180
935: 157 158 934
936: 158 159 160 934
937: 84 938 122 123
938: 84 86 122 937
939: 1161 92 122
940: 93 941 122 1034 1036
941: 94 954 1475 940 1376 1036 1377
942: 1045 1376 94 943 949 1046 1053 1054 1056
943: 944 942 1056 948 1063
944: 94 945 943 1063 1062 1066
945: 1068 944 1070 1071 1074 1075 1078 1378
946: 1078 1378 94 95 96 947 1079 1080 1081 1379
947: 946 96 97 948 1065 1081 1064 1089 1061 1380 1060
948: 1381 1059 943 1060 947
949: 942 97 950 951 1047 1048 1381 1059 1383 1053
950: 97 951 949
951: 949 97 98 952 953 1048 1047 1049 950
952: 100 953 951
953: 951 100 954 1049 1050 1384 1045 952
954: 953 955 941 1045
955: 100 956 113 1014 1377 954 1386 1385 1036 1038 1039 1033 1044
956: 100 957 112 113 1386 955
957: 958 1476 956 982 959
958: 100 102 959 957
959: 1163 960 957 958 982 983 1387 961
960: 102 961 959
961: 103 105 106 962 959 1478 960
962: 106 963 961 964
963: 106 964 962
964: 106 965 962 963 985 986 987 989 968
965: 107 966 964 968 967
966: 107 967 965
967: 107 968 965 1479 966
968: 969 964 965 967 989 988 1388
969: 107 970 1388 968 988
970: 971 969 990 1390 992
971: 107 108 972 970 992
972: 108 973 971 1013
973: 109 974 972 1013
974: 975 976 1013 973 992 977 1391
975: 109 112 974
976: 112 977 1391 974
977: 112 978 974 976 992 1395
978: 112 979 1394 977 992 982 981 980 1395
979: 1166 980 978
980: 112 1396 978 979
981: 112 982 978 1396
982: 112 957 959 983 978 981 992 993 984
983: 959 984 982
984: 1387 985 982 983 993 1398 1399 1400 995 1397
985: 964 986 1397 984 995
986: 964 987 985 995
987: 964 988 990 986 995 994
988: 989 968 969 1480 987
989: 964 968 988
990: 970 994 987 996 997 1401
991: 1401 1389 992 1390
992: 997 991 970 971 974 977 978 982 993 999 1002 1004 1006
993: 992 982 984 1398 994 1006 1007 1009 996 1400
994: 993 995 987 990
995: 984 985 986 987 994
996: 1010 993 990 997 1402
997: 996 990 992 998
998: 997 999 1006 1012
999: 992 1000 998 1012 1004
1000: 1001 999 1403 1404 1405
1001: 1002 1000 1003
1002: 992 1003 1001
1003: 1004 1403 1001 1002 1405
1004: 992 1005 999 1003 1011
1005: 1006 1406 1011 1004
1006: 998 992 993 1007 1005 1406 1011
1007: 1006 993 1008
1008: 1402 1007 1009 1010
1009: 993 1010 1008
1010: 1008 996 1009
1011: 1006 1012 1004 1005
1012: 998 999 1011
1013: 972 973 974
1014: 1015 1481 955 1044 1032
1015: 113 114 1032 1014 1407 1408
1016: 1407 114 1017 1032 1018
1017: 114 1018 1016
1018: 115 1019 120 121 1032 1016 1017 1022 1021 1020 1030 1031 1409
1019: 115 1020 1018 1031 1410 1412
1020: 115 1021 1018 1030 1410 1411 1019 1031 1412
1021: 115 1022 1018 1020
1022: 1023 1029 1018 1021 1028 1025 1024
1023: 115 1024 1022
1024: 1025 1022 1023
1025: 115 1026 1022 1024 1028
1026: 115 117 118 1027 1025 1028
1027: 118 1028 1026
1028: 1022 1025 1026 1027
1029: 118 120 1022
1030: 1018 1031 1020
1031: 1018 1409 1019 1020 1030
1032: 1016 1033 1014 1408 1015 1018 1044
1033: 121 1034 955 1044 1032
1034: 940 1035 1033 1039 1040
1035: 1036 1037 1034 1040 1041 1042
1036: 940 941 955 1035
1037: 1038 1035 1042
1038: 955 1039 1037 1042 1043
1039: 955 1034 1040 1038 1043 1042
1040: 1034 1035 1041 1039
1041: 1035 1042 1040
1042: 1035 1037 1038 1043 1039 1041
1043: 1038 1039 1042
1044: 955 1014 1032 1033
1045: 1046 953 954 942 1050 1051 1052 1047
1046: 942 1047 1045
1047: 949 1048 951 1049 1045 1046
1048: 949 951 1047
1049: 951 953 1050 1047 1052
1050: 953 1384 1045 1051 1049 1052 1413
1051: 1045 1052 1050
1052: 1045 1049 1050 1413 1051
1053: 949 942 1054 1058 1056 1057 1055
1054: 942 1414 1053
1055: 1056 1053 1414 1057
1056: 942 943 1053 1057 1055
1057: 1053 1055 1056
1058: 1382 1053 1059
1059: 949 1058 948
1060: 1061 947 948 1090 1092 1093
1061: 1062 1088 947 1090 1060 1415 1089 1093 1094
1062: 1063 944 1061
1063: 943 944 1062
1064: 1415 1065 947 1088
1065: 947 1416 1080 1082 1064
1066: 1416 944 1067
1067: 1066 1417 1068 1083
1068: 1067 945 1069 1417
1069: 1418 1083 1068 1070
1070: 1069 945 1071
1071: 1070 945 1072 1418 1083
1072: 1071 1073 1078 1077 1076
1073: 1074 1072 1086
1074: 945 1075 1073 1087
1075: 945 1076 1074 1087
1076: 1077 1072 1085 1075 1087
1077: 1078 1072 1076
1078: 1072 945 946 1084 1079 1077
1079: 1084 1078 946 1080
1080: 1079 946 1081 1065 1082 1083 1084
1081: 946 1379 947 1080
1082: 1065 1083 1080
1083: 1071 1080 1067 1069 1084 1082
1084: 1080 1083 1078 1079
1085: 1086 1076 1087
1086: 1073 1087 1085 1419
1087: 1074 1075 1076 1085 1419 1086
1088: 1064 1089 1061
1089: 947 1061 1088
1090: 1380 1060 1091 1061 1094 1420
1091: 1092 1090 1094
1092: 1060 1093 1091 1094
1093: 1060 1061 1094 1092
1094: 1061 1090 1420 1091 1092 1093
1095: 109 110 111
1096: 73 1098 75 1097 1099
1097: 1096 68 72
1098: 73 74 1099 1096
1099: 75 1096 1098
1100: 71 72 69
1101: 1102 54 55 56
1102: 53 54 1101
1103: 27 1104 33 1107
1104: 1105 1103 1107 1106 1108
1105: 28 1106 1104 1108 1421
1106: 31 1107 1104 1422 1105
1107: 31 33 1103 1104 1106
1108: 1104 1105 1421 1422
1109: 17 18 19
1110: 5 26
1111: 7 38
1112: 7 1482 32
1113: 8 37
1114: 8 41
1115: 9 48
1116: 9 47
1117: 13 55
1118: 13 54
1119: 21 22
1120: 28 31
1121: 34 1122
1122: 34 1121 104
1123: 36 43
1124: 38 39
1125: 44 1483 106
1126: 45 1127 46 1129 1128
1127: 45 1128 1126
1128: 45 46 1129 1126 1127
1129: 46 1126 1128
1130: 50 124
1131: 51 128
1132: 52 1133 135
1133: 52 135 1132
1134: 53 54
1135: 53 1484 138
1136: 1137 139 1138
1137: 1138 139 1485 1136
1138: 1136 56 139 1137
1139: 59 60
1140: 1141 144
1141: 59 1140
1142: 67 75
1143: 68 69
1144: 71 1145
1145: 1144 69
1146: 77 1147 78 1151 1152
1147: 1148 1146 1153 1154
1148: 77 1149 1147 1154
1149: 77 1150 1148
1150: 77 78 1151 1154 1149 1153 1152
1151: 78 1146 1152 1150
1152: 1146 1153 1150 1151
1153: 1147 1150 1152
1154: 1147 1148 1150
1155: 77 166
1156: 77 161
1157: 79 185
1158: 79 184
1159: 83 194
1160: 84 85
1161: 88 939
1162: 92 91
1163: 102 959
1164: 103 1165 105
1165: 103 105 1164
1166: 112 979
1167: 118 119
1168: 1169 119
1169: 118 1168
1170: 134 239
1171: 141 142
1172: 143 250
1173: 145 146
1174: 146 152
1175: 1176 349
1176: 153 349 1175
1177: 163 1178 1179
1178: 163 1179 1177
1179: 1177 355 1178
1180: 934 163
1181: 164 1486 165
1182: 171 172
1183: 179 394
1184: 180 181
1185: 185 1186 407
1186: 185 1187 1185
1187: 185 407 1186
1188: 189 188
1189: 1190 269
1190: 191 1189
1191: 192 193
1192: 1193 275
1193: 192 275 1192
1194: 199 224
1195: 200 201
1196: 224 1197
1197: 1196 200
1198: 206 1199
1199: 206 1198 207
1200: 214 1201 219 1203 1202
1201: 214 1202 1200
1202: 1203 1200 1201
1203: 219 1200 1202
1204: 1205 217
1205: 216 1204
1206: 216 218
1207: 226 280
1208: 233 232
1209: 243 242
1210: 245 247
1211: 253 262
1212: 255 1214 1213
1213: 1214 1212 1487 255
1214: 1212 254 1213
1215: 254 260
1216: 255 256
1217: 255 1218 263
1218: 255 263 1217
1219: 265 266
1220: 1221 287
1221: 286 287 1220
1222: 286 1223
1223: 286 1222 332
1224: 288 1225 328
1225: 288 328 1224
1226: 1227 329 1229 1228
1227: 288 1228 1226
1228: 288 1229 1226 1227
1229: 329 1226 1228
1230: 304 312
1231: 305 314
1232: 358 360
1233: 366 367
1234: 1235 386
1235: 366 386 1234
1236: 368 1237 377
1237: 368 377 1236
1238: 370 371
1239: 372 1240 373
1240: 372 373 1239
1241: 377 1242 378
1242: 377 378 1241
1243: 392 925
1244: 402 1488 919
1245: 402 430
1246: 1247 413
1247: 412 413 1246
1248: 415 917
1249: 420 421
1250: 426 450
1251: 430 458
1252: 432 433
1253: 461 433
1254: 435 467
1255: 436 497
1256: 441 442
1257: 444 447
1258: 450 501
1259: 1260 506
1260: 451 506 1259
1261: 451 504
1262: 454 514
1263: 458 459
1264: 916 459 1265
1265: 459 1264 1489 916
1266: 1267 465
1267: 1268 465 1266
1268: 468 465 1267
1269: 472 471
1270: 473 554
1271: 473 553
1272: 484 624
1273: 488 915
1274: 490 489
1275: 1276 500
1276: 500 498 1275
1277: 498 641
1278: 506 505
1279: 505 653
1280: 508 663
1281: 515 664
1282: 515 913
1283: 518 669
1284: 524 523
1285: 530 1286
1286: 530 1285 531
1287: 547 560
1288: 1289 556
1289: 555 1288
1290: 557 556
1291: 559 603
1292: 1293 573
1293: 562 1292
1294: 564 565
1295: 574 604
1296: 586 601
1297: 590 594
1298: 594 599
1299: 605 606
1300: 618 727
1301: 620 1302
1302: 620 1301 728
1303: 626 740
1304: 634 754
1305: 640 901
1306: 649 648
1307: 649 650
1308: 655 680
1309: 655 679
1310: 659 688
1311: 661 688
1312: 1313 663
1313: 662 1312
1314: 664 666
1315: 676 677
1316: 678 697
1317: 701 709
1318: 702 703
1319: 712 711
1320: 721 722
1321: 723 1322
1322: 723 1321 908
1323: 725 1324
1324: 1323 724
1325: 732 761
1326: 741 742
1327: 742 897
1328: 742 894
1329: 744 745
1330: 885 745
1331: 746 1490 770
1332: 747 770
1333: 747 771
1334: 752 780
1335: 760 765
1336: 760 768
1337: 769 770
1338: 770 771
1339: 770 803
1340: 773 816
1341: 778 777
1342: 777 1343
1343: 777 1342 879
1344: 777 878
1345: 777 832
1346: 780 779
1347: 793 842
1348: 794 844
1349: 798 804
1350: 812 853
1351: 813 814
1352: 819 1353 822
1353: 819 822 1352
1354: 821 1355 822
1355: 821 1356 822 1354
1356: 821 822 1355
1357: 1358 840
1358: 827 1357
1359: 835 838
1360: 837 836
1361: 843 859
1362: 846 863
1363: 866 865
1364: 870 871
1365: 881 882
1366: 1367 897
1367: 892 897 1366
1368: 893 895
1369: 903 909
1370: 909 907
1371: 907 909
1372: 927 932
1373: 932 931 1374 1375
1374: 931 1373 1375
1375: 1374 1373 932
1376: 941 942
1377: 941 955
1378: 945 946
1379: 946 1081
1380: 947 1090
1381: 949 948
1382: 1383 1058
1383: 949 1382
1384: 953 1050
1385: 955 1386
1386: 955 1385 956
1387: 959 984
1388: 968 969
1389: 1390 991
1390: 970 991 1389
1391: 974 976
1392: 1395 1393
1393: 1392 1394 1395
1394: 1393 978 1395
1395: 977 978 1394 1393 1392
1396: 981 1491 980
1397: 984 985
1398: 984 1399 993
1399: 984 1400 1398
1400: 984 993 1399
1401: 990 991
1402: 996 1008
1403: 1000 1404 1003
1404: 1000 1405 1403
1405: 1000 1003 1404
1406: 1006 1005
1407: 1015 1016
1408: 1015 1032
1409: 1018 1031
1410: 1019 1020
1411: 1412 1020
1412: 1019 1020 1411
1413: 1050 1492 1052
1414: 1055 1054
1415: 1061 1064
1416: 1065 1066
1417: 1068 1067
1418: 1071 1069
1419: 1086 1087
1420: 1090 1094
1421: 1105 1108
1422: 1108 1106
1423: 6 4 2 1 1424
1424: 19 18 16 15 14 11 9 8 6 1423 1 20
1425: 17
1426: 1429
1427: 1428 18 1429
1428: 18 1429 1427
1429: 18 1427 1426 1428
1430: 33
1431: 63
1432: 118
1433: 121
1434: 128
1435: 172
1436: 176
1437: 239
1438: 253
1439: 268
1440: 289
1441: 296
1442: 307
1443: 349
1444: 380
1445: 381
1446: 1493 385
1447: 399
1448: 466
1449: 510
1450: 570
1451: 571
1452: 594
1453: 627
1454: 631
1455: 645
1456: 688
1457: 713
1458: 714
1459: 723
1460: 776
1461: 792
1462: 793
1463: 808
1464: 810
1465: 830
1466: 840
1467: 852
1468: 862
1469: 873
1470: 883
1471: 891
1472: 907
1473: 913
1474: 924
1475: 941
1476: 957
1477: 1478
1478: 1477 961
1479: 967
1480: 988
1481: 1014
1482: 1112
1483: 1125
1484: 1135
1485: 1494 1137
1486: 1181
1487: 1213
1488: 1244
1489: 1265
1490: 1331
1491: 1396
1492: 1413
1493: 1446
1494: 1485

1: 2 258 188 19
2: 3 1 19 189 17 20
3: 4 2 257 20 17 14 5
4: 5 3 187 257
5: 14 3 259 4 24 25 190 258
6: 27 190 7 28 29 30
7: 6 258 191 32 31
8: 32 9 33 34 37 38 39 41 43 191
9: 8 10 43 44 45 47 49 50 258
10: 9 11 50 258
11: 10 12 50 49 51 52 258
12: 11 13 52 34 135 136 137
13: 12 14 137 23 258
14: 13 3 5 21 22 15 258
15: 16 14 258 22
16: 17 22 15 21
17: 258 18 2 20 3 21 16
18: 186 188 19 189 17 192
19: 1 2 192 18
20: 2 3 17
21: 14 16 17
22: 14 15 16
23: 135 13 24 138 140 142 137 136
24: 23 5 25 142
25: 24 5 26 142
26: 25 27 142 139 145 146
27: 26 260 6 146 28
28: 147 27 6 29 135 148 149 150 34 185
29: 6 30 28 185 193 31
30: 6 31 261 29
31: 7 32 34 29 30
32: 7 8 31 33
33: 32 8 34
34: 33 8 35 12 135 28 185 31 53 55 56 194
35: 36 34 57 60 62 63
36: 37 35 68 70
37: 8 38 36
38: 8 71 262 37 72 195 263
39: 72 195 8 40 73 196
40: 75 39 41 73 74 197 198
41: 40 8 42 75 76 78
42: 41 43 78 79 80 81 82
43: 42 8 9 44 84
44: 43 9 45 56 84 83 132
45: 9 46 44 132 54 199 134
46: 47 45 134
47: 9 48 46 134 52
48: 49 51 47 52
49: 9 50 11 48
50: 9 10 11 49
51: 11 52 48
52: 11 12 53 47 48 51 134 54
53: 34 54 52
54: 55 45 199 134 52 53 132 133
55: 34 56 200 133 54
56: 44 34 57 83 85 86 87 88 89 55 200 133 132
57: 56 35 58 91
58: 119 57 59 120 122 124 125
59: 58 60 61 125
60: 35 61 59
61: 59 62 121 126 204 127 202 203 60
62: 61 35 63 64 91
63: 35 64 62
64: 62 65 91 63
65: 64 205 264 66 91 233 206 207 209 210 90
66: 65 67 90 205
67: 66 234 68 90
68: 67 36 69 96 234
69: 68 70 96
70: 69 36 235 71 97 236 98
71: 70 38 99 100 75 74 72 235
72: 73 71 38 196 39 74
73: 39 40 74 72
74: 40 197 198 71 72 73
75: 41 76 71 40 100 99 238 237 77
76: 41 77 75
77: 78 75 76 81
78: 41 42 79 77 81 80
79: 42 80 78
80: 42 81 78 79
81: 42 82 237 77 78 80 101 98 97
82: 42 83 81 102 103
83: 84 44 56 85 82 103 104 105
84: 43 44 83
85: 56 86 96 83 90 107 109
86: 56 87 85 90 92
87: 56 88 86 92
88: 56 89 87 92 90 93 95
89: 56 90 88 95 239 93
90: 91 65 66 67 85 86 92 88 93 89
91: 57 62 64 65 233 90
92: 86 87 88 90
93: 88 240 89 90
94: 95 239 240
95: 88 89 94
96: 68 69 97 102 85
97: 70 236 98 81 96
98: 70 99 81 97
99: 71 100 75 101 98
100: 71 75 265 99
101: 238 81 99
102: 82 103 96 109
103: 82 83 104 102 110 108 105
104: 83 242 103
105: 83 106 103 241 242 244 243
106: 107 243 105 113 114 115
107: 85 108 106 115
108: 109 103 111 107 110
109: 85 102 110 108
110: 103 108 109
111: 112 108 115
112: 113 111 115
113: 244 106 114 112 115 117 118
114: 106 115 113 118 116
115: 106 107 111 112 113 116 114
116: 117 114 115
117: 113 118 116
118: 113 114 266 117
119: 120 201 58 127 121 203
120: 58 245 119
121: 122 61 126 119 245 123 129 131
122: 58 123 121
123: 124 121 122 125
124: 58 125 123
125: 58 59 123 124
126: 61 204 127 121 131
127: 61 119 128 126 131 130
128: 129 127 130
129: 121 130 128
130: 131 127 128 129
131: 121 126 127 130
132: 56 44 45 54 133
133: 56 132 54 267 55
134: 45 46 47 52 54
135: 28 12 136 23 151 149 145 144 139 138 34
136: 12 137 23 135
137: 12 13 23 136
138: 135 23 139
139: 135 138 140 26 144 143
140: 23 141 139
141: 142 140 143
142: 23 24 25 26 143 141
143: 139 141 142
144: 135 139 145
145: 149 135 144 26 146 152 156 157 158 159
146: 145 26 27 147
147: 146 28 160 148
148: 160 147 28 268 149 246 169 170
149: 148 28 150 135 145 171 174 152 151
150: 28 247 149
151: 135 149 247
152: 149 145 153
153: 176 152 248 154 177 178
154: 153 155 178 182 183 184 248
155: 154 156 160 184 183 182 169 249 158 161
156: 145 157 155 161 162 163 164 165
157: 145 158 156 166 167
158: 145 159 160 155 161 157 250
159: 145 160 158
160: 155 147 148 159 158
161: 155 156 162 158 166 163
162: 156 163 161
163: 156 164 161 162 165
164: 156 165 163
165: 156 166 163 164
166: 157 167 161 165
167: 157 250 166
168: 249 246 169
169: 155 168 148 170
170: 180 178 182 169 148 171 251
171: 170 149 172 252
172: 171 173 180 179
173: 172 174 175 181
174: 149 175 173
175: 173 253 269 176 181 254 179 178 174
176: 175 153 178 177 253
177: 176 153 178
178: 175 176 177 153 154 170
179: 172 181 175 251 256 180
180: 252 172 179 170 256 255
181: 173 175 254 179
182: 154 183 155 170
183: 154 184 155 270 182
184: 154 155 183
185: 28 29 193 194 34
186: 258 271 18
187: 4 258
188: 1 18
189: 2 18
190: 5 6
191: 8 7
192: 18 19
193: 29 185
194: 34 185
195: 38 39
196: 39 72
197: 40 74
198: 40 74
199: 45 54
200: 56 55
201: 202 119 203
202: 61 203 201
203: 61 119 201 202
204: 61 126
205: 66 65
206: 65 207 233 213 214 216 217 218 219 228
207: 65 208 206 219 221
208: 209 207 221 229 224 226 210 227
209: 65 210 208 227
210: 65 233 211 208 227 209 226
211: 212 210 226 225 230
212: 233 213 230 211 225 231 224
213: 206 214 223 212 221 220 222 224
214: 206 215 213
215: 216 214 222 218
216: 206 217 215 218
217: 206 218 216
218: 206 219 215 216 217 220 232
219: 206 228 207 220 218
220: 221 213 222 218 232 219
221: 207 208 213 220
222: 213 215 220
223: 229 224 213
224: 208 225 212 213 223
225: 226 211 212 231 272 224
226: 208 210 211 225
227: 208 209 210
228: 206 219
229: 208 223
230: 211 212
231: 212 225
232: 218 220
233: 65 206 91 210 212
234: 68 67
235: 71 70
236: 70 97
237: 75 81
238: 75 101
239: 89 94
240: 94 93
241: 242 105
242: 105 104 241
243: 105 106
244: 105 113
245: 121 120
246: 148 168
247: 151 150
248: 154 153
249: 155 168
250: 158 167
251: 170 179
252: 171 180
253: 176 175
254: 175 181
255: 180 256
256: 180 255 179
257: 4 3 258
258: 5 187 257 1 15 14 13 11 10 9 7 17 186
259: 5
260: 27
261: 30
262: 263 38
263: 38 262
264: 65
265: 100
266: 118
267: 133
268: 148
269: 175
270: 183
271: 186
272: 225

1: 2 20 19 17 16 13 12 11 796 8 797 6 7 1044
2: 3 1 5 21 1043
3: 4 2 5 1043
4: 794 3 1044 795 1043
5: 3 2 22 797 6 798 24 23
6: 5 1 7 1044
7: 1 1044 6
8: 9 1 798 24 21 31 29 28 799 27 25
9: 10 796 8 38 37 35 34
10: 11 9 12 792 15 47 42 40 36 38
11: 12 1 10
12: 10 13 1 11 793 792
13: 14 1 12 793
14: 15 13 793
15: 792 10 47 21 16 14 48 20
16: 17 1 15 791 790 800 20
17: 18 1 16 801 791
18: 20 17 790 803 802
19: 1 802 20
20: 790 16 15 21 1 19 18
21: 2 8 22 25 51 50 49 15 20
22: 21 5 23 24
23: 5 22 24
24: 5 23 22 8
25: 8 21 51 52 26 54
26: 25 27 54
27: 8 26 28 56 55 54
28: 8 799 27 29 55 804
29: 8 28 30 53 54
30: 805 29 61 58 57
31: 8 61 32 805
32: 31 33 63 62 60 806 807
33: 32 34 68 67 66 65 64 810
34: 9 33 35 811
35: 9 34 36 75 73 72
36: 40 10 37 35 41 39 38 79 75
37: 38 9 36 39
38: 39 36 10 9 37
39: 37 36 38
40: 41 10 1045 36
41: 36 42 40
42: 10 41 43 52 88 87 85 84 83 82 81 78 79
43: 44 42 50 52
44: 45 1046 43 788
45: 46 44 788
46: 789 812 45 814
47: 10 48 15 789 812
48: 49 15 47 816
49: 50 21 48 787 789
50: 43 21 49 51 817
51: 21 50 25
52: 817 43 42 53 25 88
53: 57 29 54 52
54: 29 55 27 26 25 53
55: 28 56 27 1047 54
56: 804 27 55
57: 58 30 53 90 818
58: 59 30 57 92 90
59: 62 60 58 98 95 94 93
60: 32 806 61 59 807 808
61: 30 31 60
62: 63 32 59 99 819 98
63: 64 809 32 62 102
64: 65 33 63 66
65: 66 33 64
66: 64 67 33 65 105 103 102
67: 68 33 66 107 106 820
68: 69 811 33 67 110 109 107
69: 70 68 110
70: 71 69 116 114 113 112 111 110
71: 72 70 73 125 124 122 121 118 822 116
72: 73 35 71
73: 71 74 35 72 786 785 125
74: 75 73 76 786
75: 76 36 35 74
76: 74 785 77 75 127 823 126
77: 127 76 824 825 826 131 129 128
78: 42 79 824 131 80 826 133 828 132
79: 42 36 78
80: 78 81 141 138 137 136 133
81: 42 80 830 829 144 143 831
82: 42 829 83
83: 42 82 84
84: 42 83 85 153 152 150 832 145 144 830
85: 42 84 86 152 154 833
86: 85 87 160 157 155
87: 42 86 1048 88 167 166 163 160
88: 52 42 87 89 167
89: 173 90 818 88 172 170 834 169
90: 835 58 57 89
91: 174 92 835
92: 58 91 93 176 174
93: 59 92 94
94: 59 93 95 176
95: 59 94 96 180 177 176
96: 97 95 836 184 557 556 185 183 837 182
97: 98 96 608 607 605 838 564 563 562 560 558
98: 99 62 59 97 611 609 608
99: 100 62 819 98 624 623 604 621 611
100: 624 99 839 840
101: 839 625 1049 102 626
102: 66 63 101 103
103: 66 102 104
104: 103 105 628 627
105: 66 104 106 631 630 628
106: 67 820 105 107 841 633
107: 68 67 106 108 635
108: 107 109 642 641 842 638 637 636 635
109: 110 68 108 112 644 643 642
110: 112 111 70 69 68 109
111: 112 70 110
112: 113 70 109 603 564 110 111 645
113: 114 70 112 558 565 564
114: 556 185 184 843 70 113 558 846
115: 184 116 843 187 847
116: 71 70 115 1050 1051 117 195 194 848 187
117: 116 118 849 195
118: 71 821 117 119 822 208 207 205 850 852 853 854 857 203 201 200 860 861 862 198 197 196
119: 120 118 865 123 212 211 208 866
120: 121 119 122
121: 122 71 120
122: 120 123 71 121
123: 124 119 125 122 221 220 215 214 213 865
124: 125 71 123
125: 73 71 123 126 124 204 225 224 223 867 868 222 869 221
126: 76 125 127 407 200 204
127: 76 823 126 77 128 546 545 544 543 542 541 130 436 434 199 409 406 871
128: 77 127 545 129 546 548
129: 77 128 130 550 548
130: 129 127 435 131 541 543 436
131: 77 130 78 132 443 442 440 872 439 438
132: 78 131 440 133 445 444 442 443 450 447
133: 134 80 78 828 132 140 138 139 453 448 451 450
134: 135 133 138
135: 136 134 137 138
136: 137 80 135
137: 135 138 80 136
138: 135 134 133 139 80 137
139: 133 140 138
140: 141 133 145 142 139 457 456 455
141: 142 80 140
142: 140 144 831 141 873
143: 81 873 144
144: 84 81 143 142
145: 84 140 146 457
146: 145 147 459 458
147: 146 148 468 467 463 874 461 875
148: 147 149 468
149: 832 148 150 471 470 469 468
150: 151 84 149 156 539 155 471
151: 152 150 540
152: 155 85 153 84 151 540 876 154
153: 154 84 152
154: 152 85 833 153
155: 539 150 156 86 152
156: 150 877 157 155 473 472 471
157: 158 86 156 477 878 879 481 480 479 475 472 881 473 877
158: 159 157 161
159: 160 158 161
160: 161 87 86 159 882
161: 159 158 484 172 162 882 160
162: 163 161 530 169 171 883
163: 164 87 883 162 884 530 885
164: 165 163 535 534 533
165: 535 164 886 536
166: 167 87 886 536 168 537
167: 168 88 87 166
168: 169 166 887 1052 532 167
169: 530 162 888 89 168 890 891
170: 171 89 834 888
171: 162 172 170
172: 89 174 173 175 194 499 485 484 161 171
173: 172 174 89
174: 172 92 91 173 175
175: 174 172 1053 176
176: 848 177 95 94 92 175 194 192 191 181 189 188
177: 178 95 176
178: 179 177 193 192
179: 180 178 181
180: 181 95 1054 179
181: 179 191 176 182 180 193 186 188 190
182: 186 183 96 181
183: 184 96 837 182
184: 96 115 185 114 183 836
185: 96 184 114
186: 181 892 182
187: 188 116 115 847 892
188: 181 189 176 187 190
189: 190 176 1055 188
190: 188 181 189
191: 192 176 1056 181
192: 193 178 176 191
193: 181 178 192
194: 195 116 176 172 196
195: 117 116 194
196: 118 849 194 499 197 500
197: 118 196 198 472 474 477 500
198: 199 118 197 433 472
199: 127 200 859 861 198 408 410 409 863 864
200: 406 126 201 118 199 414 413 412 893 202 404 403 204
201: 202 118 200
202: 200 203 201 204 404
203: 894 118 202
204: 202 403 200 126 125 205 1057 894 405 404 402 206 228 227 225
205: 206 118 850 204 402 857 856 858 852 851
206: 402 204 207 205 229 895
207: 229 118 206 896
208: 209 119 866 118 896 229 232 228 230
209: 220 210 208 232
210: 211 209 216
211: 212 119 210 219 218 217 213 214 215 216
212: 213 119 211 219
213: 217 211 214 123 212 219
214: 211 215 123 213
215: 211 216 123 214
216: 211 210 215
217: 218 211 213 219
218: 219 211 217
219: 217 213 212 211 218
220: 221 123 209 233
221: 222 125 123 220 234 233
222: 223 125 869 221 237 235
223: 224 125 867 222 868
224: 225 125 223 238 237
225: 226 204 125 224 248 247 246 245 244 241 897
226: 227 225 257 256 899 250 249 248 898
227: 228 204 898 226 261 260 258 257
228: 231 208 230 229 204 227 233 900 901 395 392 261
229: 206 895 208 207 230 228
230: 208 229 228
231: 233 232 228
232: 209 208 231
233: 228 900 901 234 221 220 231 394 903 902 395
234: 235 221 233
235: 392 236 222 234 398 397 396 394 275 258 263
236: 237 235 279 278 277 276
237: 238 224 222 236 239 287 286 283 282 279
238: 239 224 237
239: 237 240 238 288 285 287
240: 241 897 239 289 288
241: 242 225 240 300 298 296 295 294
242: 243 1058 241 305 303 302 301
243: 244 242 305
244: 245 225 243 246 247 310 309 308 307 306 301 305
245: 246 225 244
246: 244 247 225 245
247: 244 248 225 246 314 313 312 311
248: 249 226 225 247 314
249: 250 226 248
250: 251 226 249 317 316 315
251: 252 250 345 291 344 293 294
252: 253 251 345
253: 254 899 252 348 346
254: 255 253 350 904 348
255: 256 254 352 351 350
256: 257 226 255 275 277 358 353 352
257: 258 227 226 256 275
258: 275 235 259 227 257 270 269 268 267 264 263
259: 260 258 261 905 271
260: 261 227 259
261: 259 262 228 227 260
262: 905 263 261 271
263: 264 258 235 262 273 267 269 272
264: 265 258 263 274 906 273
265: 266 264 274
266: 273 267 265
267: 263 268 258 266 269
268: 269 258 267
269: 267 263 907 258 268
270: 271 258 907 272
271: 272 262 259 270
272: 270 263 271
273: 274 264 263 266
274: 265 264 906 273
275: 257 256 276 235 1059 258 391
276: 277 236 275 391
277: 391 256 278 236 276 361 358
278: 279 236 277 280 362 361
279: 280 237 236 278
280: 278 281 279 363 362
281: 282 280 908 372 371 356 363
282: 283 237 281 284
283: 284 237 282
284: 282 285 283 375 374
285: 288 239 286 284 375
286: 287 237 285
287: 239 237 286
288: 289 240 239 1060 285 383 912 913 375 911
289: 290 240 910 288 384
290: 291 289 384
291: 345 251 292 290 384 344
292: 344 293 291
293: 251 294 292
294: 251 295 241 293 317
295: 296 241 294 297 914
296: 297 241 295
297: 295 298 296 320 319 318
298: 299 241 297
299: 306 300 298 321 320 301
300: 301 241 299
301: 299 244 302 242 300 303 304 305
302: 303 242 301
303: 301 915 242 1061 302 916
304: 301 305 916
305: 301 244 243 242 304
306: 307 244 299 323 322 315 316 317 318
307: 308 244 306 917 328 326 325 315 322 918 324 323
308: 309 244 307 331 329
309: 310 244 308
310: 311 244 309 326 327 328 334 333 332
311: 919 247 310
312: 313 247 919 340 339 338 337 326
313: 314 247 312 342 340 921 920
314: 315 248 247 920 313 343 342
315: 325 307 322 306 316 250 314
316: 306 317 250 315
317: 306 318 914 294 250 316
318: 306 923 297 317
319: 320 297 922 923 321
320: 924 299 297 1062 319
321: 319 299 924
322: 307 918 323 306 315 324
323: 324 307 306 322 925
324: 322 307 925 323
325: 326 307 315 339 343
326: 337 312 310 327 307 325
327: 310 328 326
328: 310 330 329 307 327 334
329: 308 917 328
330: 331 328 336 335
331: 332 308 330 926
332: 333 310 331 335 336
333: 334 310 332 335
334: 335 328 310 333
335: 333 332 336 330 334
336: 332 926 330 335
337: 338 312 326
338: 339 312 337
339: 325 340 312 338 341 343
340: 341 313 921 312 339 927
341: 339 343 342 927 340
342: 314 313 341
343: 339 325 314 341
344: 291 251 292
345: 346 252 251 291 347 348
346: 347 253 345
347: 345 348 346
348: 345 349 254 253 347 383 384
349: 350 904 348 383
350: 351 255 254 349 355
351: 352 255 350 387 386 385 355
352: 353 256 255 351 388
353: 354 256 352 389 928
354: 355 928 353 389
355: 385 351 350 382 356 354 387 389 929 931 380 379
356: 378 371 281 357 355 380 932 369 367 365 364
357: 358 356 359
358: 359 277 256 1063 357 933
359: 357 360 933 358 367 934
360: 363 361 359 367 362
361: 362 278 277 360
362: 360 280 278 361
363: 364 281 280 360 365 366 367
364: 365 356 363
365: 363 366 356 364
366: 363 367 365
367: 363 360 359 368 356 366
368: 369 367 370
369: 370 356 368
370: 368 934 932 369
371: 372 281 356 377 376 935
372: 373 281 935 371 374
373: 374 908 372
374: 372 377 284 373 936 937
375: 376 288 285 284 936 377 937
376: 377 371 375
377: 371 375 374 376
378: 379 356 381 938
379: 380 355 913 378 381 939
380: 381 938 356 355 939 379
381: 379 378 380
382: 383 912 355
383: 349 348 384 288 382
384: 348 291 290 289 383
385: 386 351 929 930 355 390
386: 387 351 385 390
387: 390 355 388 351 386
388: 389 352 387
389: 355 354 353 388
390: 386 385 387
391: 276 275 277
392: 393 228 235 398
393: 394 392 400 399 398
394: 396 235 233 903 395 393 397 398 401 400
395: 233 228 394
396: 397 235 1064 394
397: 394 398 235 396
398: 394 399 393 392 235 397 401
399: 401 400 393 398
400: 394 393 399
401: 398 394 399
402: 205 204 206
403: 404 200 204 405
404: 405 204 202 200 403
405: 403 204 404
406: 408 127 407 200 416
407: 870 126 406
408: 411 893 199 409 406 421 420 419 418 415 416 410
409: 410 199 127 408
410: 408 199 409
411: 412 408 421
412: 422 200 411 943 940 423
413: 414 200 941 423 419 943 942
414: 415 200 413 417 418
415: 944 408 416 414
416: 408 406 415
417: 414 418 944
418: 414 408 417
419: 408 413 420 423
420: 408 419 421 427 945
421: 411 408 420 422 428
422: 421 412 423 428
423: 412 422 424 419 413 425 426 431 430 429
424: 425 945 423
425: 423 426 424
426: 423 427 425 428 432 431
427: 428 420 426
428: 426 429 422 421 427
429: 430 423 428 432
430: 431 423 429 432
431: 432 426 423 430
432: 430 429 426 431
433: 198 434 461 946
434: 127 433 435 461
435: 436 434 130 437
436: 130 127 435
437: 435 461 438
438: 131 437 439 514 513 512 511 461
439: 131 438 440 516 514
440: 441 131 872 439 132 446 445 947 447
441: 442 947 440 446 948
442: 444 132 443 131 948 441
443: 132 131 442
444: 445 132 442
445: 446 440 132 444
446: 441 440 445
447: 448 132 440 517 455 454 453 518 949
448: 453 133 449 447 454 452
449: 450 448 452
450: 451 133 132 449
451: 452 133 450
452: 449 448 451
453: 454 447 133 448
454: 448 447 1065 453
455: 140 447 1066 456 520
456: 457 140 455 460 529 458 523 522 521 520
457: 458 145 140 456 529
458: 529 456 459 146 457
459: 460 146 458
460: 875 456 461 459 524 523 950
461: 434 433 462 147 460 438 437 503 502 511 525 524
462: 463 874 461 504 951 503
463: 464 147 462 504
464: 465 463 504
465: 466 464 509 508 952 507 471 506 472 504
466: 467 1067 465 468 509
467: 468 147 466
468: 466 469 149 148 147 467 509 953
469: 470 149 953 468 510 954
470: 471 149 469 507 510
471: 507 465 472 156 150 149 470 505 506 955
472: 505 465 502 946 198 197 474 157 880 956 156 471 503 881
473: 157 156 956
474: 197 477 475 472 501
475: 476 157 474
476: 501 477 475
477: 157 197 499 478 489 487 486 957 474 501 476
478: 477 490 498 479 491
479: 157 478 480 498
480: 157 479 958 481 498
481: 157 480 482 959 493 492 958
482: 879 481 483
483: 878 482 484 497 495 494
484: 483 172 161 485
485: 486 172 484 497 487
486: 487 477 957 485
487: 477 485 488 486 496 497
488: 487 489 494
489: 477 488 490 492
490: 489 478 491
491: 478 490 492
492: 481 491 489 493
493: 481 492 494
494: 483 959 493 488 495
495: 483 494 496
496: 495 487 497
497: 483 496 487 485
498: 480 479 478
499: 172 477 500 196
500: 197 196 499
501: 474 477 476
502: 503 461 472
503: 472 504 462 461 502
504: 465 464 463 462 951 503
505: 471 506 472
506: 471 955 465 505
507: 470 508 465 471 510
508: 510 960 465 952 507
509: 468 466 465 960
510: 507 470 469 954 508
511: 512 438 461 525 526
512: 526 961 438 511
513: 438 528 514 961
514: 439 438 513 515 527 528
515: 514 516 525
516: 439 515 517 962
517: 516 447 518 525
518: 519 447 949 517 525
519: 525 520 518
520: 521 456 455 519
521: 522 456 1068 520
522: 525 523 456 521
523: 964 460 950 456 1069 522
524: 461 460 963 964
525: 511 461 518 517 962 515 527 526 519 522
526: 511 525 512
527: 525 514 528
528: 527 514 513
529: 457 456 458
530: 531 163 885 162 169 538
531: 538 965 530
532: 168 533 965
533: 164 884 532 534 537 887
534: 164 533 535 536
535: 164 534 165 536
536: 165 535 534 966 166
537: 533 166 966
538: 530 889 531 891
539: 540 150 155
540: 152 876 151 539
541: 542 127 130 543
542: 543 127 541
543: 127 541 130 544 542
544: 127 543 547 545 550
545: 546 127 544 128 547
546: 128 127 1070 545
547: 548 545 1071 544 549 553 551
548: 549 129 128 1072 547 1073
549: 547 550 548 555 553
550: 552 544 129 549 554 555 967
551: 547 967 552
552: 554 553 551 550 969
553: 549 547 552
554: 550 555 968 552
555: 550 549 554
556: 557 96 114 602 558
557: 558 96 556 602
558: 602 556 114 845 113 559 97 557 568 566 565
559: 560 558 561 569 568
560: 561 97 559
561: 559 562 560 563 565
562: 970 97 561
563: 561 564 97 970 565
564: 565 113 112 97 563
565: 563 561 566 558 113 564 573 572 571 570 569
566: 569 558 565 575 574 573 971 601
567: 971 601 568
568: 559 558 567 569 601
569: 570 565 559 568 566 577 575 601
570: 571 565 569 579 578
571: 572 565 570 579
572: 573 565 571 972 580 579
573: 574 566 565 572
574: 575 566 573 581 582
575: 576 569 566 574 581
576: 577 575 579 581
577: 578 569 576 600 579
578: 579 570 577 600
579: 600 577 576 580 572 571 570 578 587 586 585 584 583 973
580: 588 572 579 974 591 589
581: 583 973 576 575 574 582 974 590 588 584 975 976 977 594 593 592 591 598 597
582: 574 972 581
583: 584 579 581
584: 581 585 579 583 587
585: 586 579 584 587
586: 587 579 585
587: 585 584 588 579 586
588: 581 580 587 589 978 599 980 979 598
589: 580 588 978 590
590: 591 589 597 581 592 596 595 981 982 599
591: 592 581 580 981 590 982
592: 590 593 581 591
593: 594 581 592 596
594: 596 595 581 593
595: 590 975 594 977
596: 593 590 594
597: 599 980 598 581 1074 590
598: 588 581 597
599: 590 588 597
600: 578 577 579
601: 566 569 568 567
602: 557 556 558
603: 112 604 648 647 645
604: 99 605 838 603 623 620 622 621 653 650 648
605: 620 606 97 604 611
606: 607 605 608 612
607: 608 97 606
608: 606 609 98 97 607 612
609: 610 98 608 613 612
610: 611 609 616 613
611: 612 605 99 98 610 617 616
612: 613 609 608 606 611 617
613: 614 610 609 612 619 617
614: 615 613 619
615: 617 616 614 618 619 984 983
616: 611 610 615
617: 618 613 612 611 984 615
618: 615 619 617
619: 615 614 613 618
620: 604 621 605 622
621: 622 604 99 620
622: 620 604 621
623: 99 604 624 625 653 985 986
624: 99 623 840 100
625: 623 626 101
626: 627 101 625
627: 628 104 626 987 771 770 768 766 637
628: 629 105 104 627
629: 987 630 628 771
630: 631 105 629 773
631: 632 105 630 774 773
632: 633 631 776 772 988 774
633: 634 106 632 777 989 990
634: 635 841 633 778
635: 636 108 107 634 782 992 993 778
636: 637 108 635
637: 766 627 638 108 636 767 639 654 653
638: 639 108 637
639: 637 640 638 655 654
640: 641 842 639 658 657 656 994 655
641: 642 108 640 644 670 667 652 665 996 658
642: 643 109 108 641 644
643: 644 109 642
644: 642 641 645 109 643 670
645: 646 603 112 644
646: 647 645 674 673 672 671 669
647: 648 603 646 675 674
648: 649 604 603 647 676 675
649: 650 1075 648 677
650: 651 604 649 678 997
651: 667 652 997 650 678
652: 641 653 1076 651 666 665
653: 654 637 623 985 986 604 652
654: 655 639 637 653 664 666
655: 664 656 640 639 654 660 658
656: 657 640 994 655 660
657: 658 640 656 662 661 660
658: 662 655 641 640 657 998 663
659: 660 998 663 661
660: 657 656 655 659
661: 657 659 662 999
662: 657 661 658
663: 658 999 659
664: 654 665 655 666
665: 666 652 641 995 664
666: 664 654 652 665
667: 668 641 651 680 679 678
668: 669 667 684 682 1002 1001
669: 671 646 670 1000 668 717 716 714 713 712 687 686 1003 684 1001
670: 644 641 669
671: 672 646 669 722 721 718
672: 673 646 671 726 724 723 722
673: 674 646 672 675
674: 675 647 646 673
675: 673 676 648 647 674 734 733 732 713 728 727 726
676: 677 648 675 737 736 735 734
677: 710 689 649 676 755 754 751 750 749 748 747 746 1005 738 1004
678: 667 651 650 1004 690 700 679 693 692 1006
679: 680 667 678 681 700
680: 1007 667 679
681: 1002 679 682 1007 700
682: 668 681 701 683 703 702
683: 682 684 706 704
684: 669 668 683 709 685 708 707
685: 1003 684 686 709
686: 669 685 687 695 694 693 699 701 702 708 709
687: 669 686 688
688: 687 689 690
689: 688 677 690
690: 689 688 691 678 696
691: 692 690 698 697
692: 693 678 691 694 1008
693: 694 686 678 1008 692
694: 692 695 686 693
695: 696 686 694 697 698
696: 697 690 695
697: 695 698 691 696
698: 695 691 697
699: 1006 686 1009 700
700: 699 681 679 678 1009
701: 686 702 682
702: 686 703 682 701 705
703: 704 682 702
704: 705 683 703
705: 702 708 706 704 707
706: 707 683 705
707: 705 684 706
708: 686 684 705
709: 686 685 684
710: 711 677 755
711: 712 710 758 757 756
712: 713 669 711 764 758 1011 1010
713: 731 675 714 669 1010 712 763 765 764 729 725 728 1013
714: 715 669 713 730 719 720 724 729
715: 716 714 730
716: 719 717 669 715 718
717: 718 669 716
718: 716 671 717
719: 730 714 720 1077 716
720: 714 721 719 722 724
721: 722 671 720
722: 720 723 672 671 721 724
723: 724 672 722
724: 722 720 714 725 672 723
725: 1014 713 726 724 728
726: 727 675 672 725 728
727: 728 675 726
728: 726 725 713 1012 675 1078 727 1013
729: 714 713 1014
730: 715 714 719
731: 732 713 1016 1015
732: 763 733 675 731
733: 734 675 732 759 758
734: 742 735 676 675 733 739 738
735: 736 676 734 741 740
736: 738 676 735 741 1018
737: 676 1017 738 1018
738: 739 734 677 737 736 740 741
739: 740 734 738
740: 738 741 735 739
741: 738 736 735 740
742: 752 734 760 1019
743: 748 1019 752 1020
744: 745 1020 748
745: 748 1021 746 1005 744
746: 748 747 677 745
747: 748 677 746
748: 752 749 677 744 743 745 1021 746 747
749: 752 750 677 748
750: 751 677 749 762 761 1022
751: 762 752 1023 677 1022 750 1024
752: 753 743 742 755 760 1026 748 749 1027 1028 1030 751 1023
753: 754 1025 752 755
754: 755 677 753
755: 753 752 756 710 677 754 1033
756: 757 711 1033 755 1034
757: 758 711 756
758: 759 733 712 1011 711 757
759: 1034 760 733 758
760: 752 742 759
761: 750 1027 1024 762 1030 1031
762: 750 761 751
763: 1016 713 764 732 765
764: 765 713 712 763
765: 763 713 764
766: 767 627 637
767: 637 768 766 784 779 783 781 782
768: 769 627 767
769: 770 768 778 784
770: 778 777 627 769 1036 1035 1038 1039
771: 772 629 627 1036 777
772: 777 775 632 988 774 773 771
773: 631 630 1079 772
774: 632 631 772
775: 777 776 772
776: 777 989 990 632 775
777: 633 771 1037 770 772 775 776 1039 1040
778: 769 779 635 634 770 784 1041 1042
779: 784 767 780 991 1041 778 783 993 1042
780: 781 779 783
781: 783 767 782 780
782: 767 635 1080 781
783: 780 779 767 781
784: 778 769 767 779
785: 786 73 76
786: 74 73 785
787: 813 788 49 789
788: 45 44 787
789: 787 49 815 47 46
790: 18 803 801 791 16 800 20
791: 17 16 790
792: 793 12 10 15
793: 14 13 12 792
794: 1043 4
795: 4 1044
796: 1 9
797: 1 5
798: 5 8
799: 8 28
800: 16 790
801: 17 790
802: 18 1081 19
803: 18 790
804: 28 56
805: 31 30
806: 32 807 60 808
807: 32 60 808 806
808: 60 806 807
809: 810 63
810: 33 809
811: 34 68
812: 47 46
813: 814 787
814: 46 813
815: 816 789
816: 48 815
817: 50 52
818: 57 89
819: 62 99
820: 67 106
821: 822 118
822: 71 118 821
823: 76 127
824: 77 825 78 826 827
825: 77 826 824 827
826: 77 78 824 827 825
827: 824 825 826
828: 78 133
829: 81 82
830: 84 81
831: 81 142
832: 84 149
833: 85 154
834: 89 170
835: 91 90
836: 184 96
837: 96 183
838: 97 604
839: 100 101
840: 100 624
841: 106 634
842: 108 640
843: 115 114
844: 846 845
845: 844 558 846
846: 114 845 844
847: 115 187
848: 116 176
849: 117 196
850: 118 851 205
851: 852 205 850
852: 118 853 205 851 858 855
853: 118 854 1082 852
854: 118 855 853
855: 856 852 854 858
856: 857 205 858 1083 855
857: 118 205 856
858: 205 852 855 856
859: 860 199
860: 118 859
861: 118 862 199 864
862: 118 863 861 864
863: 199 864 862
864: 199 861 862 863
865: 123 119
866: 119 208
867: 125 868 223
868: 125 223 1084 867
869: 125 222
870: 871 407
871: 127 1085 870
872: 131 440
873: 142 143
874: 147 462
875: 147 460
876: 152 540
877: 157 156
878: 157 483
879: 157 1086 482
880: 881 472
881: 157 472 880
882: 160 161
883: 162 163
884: 163 533
885: 163 530
886: 165 166
887: 533 168
888: 170 169
889: 890 538 891
890: 169 891 889
891: 169 538 889 890
892: 187 186
893: 200 408
894: 204 203
895: 206 229
896: 207 208
897: 225 240
898: 226 227
899: 226 253
900: 228 233
901: 228 233
902: 233 903
903: 233 902 394
904: 254 349
905: 259 262
906: 264 274
907: 270 269
908: 281 373
909: 911 910
910: 909 289 911
911: 288 910 909
912: 288 382
913: 288 379
914: 295 317
915: 916 303
916: 304 303 915
917: 307 329
918: 307 322
919: 312 311
920: 313 314
921: 313 340
922: 923 319
923: 319 318 922
924: 321 320
925: 323 324
926: 331 336
927: 340 341
928: 353 354
929: 355 1087 385
930: 931 385
931: 355 930
932: 356 370
933: 358 359
934: 359 370
935: 371 372
936: 374 937 375
937: 374 375 936
938: 378 380
939: 379 380
940: 412 943
941: 943 413
942: 413 943
943: 412 940 413 942 1088 941
944: 417 415
945: 420 424
946: 433 472
947: 440 441
948: 441 442
949: 447 518
950: 460 523
951: 462 504
952: 465 508
953: 468 1089 469
954: 469 510
955: 471 506
956: 473 472
957: 477 486
958: 481 480
959: 481 494
960: 509 508
961: 513 512
962: 516 1090 525
963: 964 524
964: 524 523 963
965: 532 531
966: 537 536
967: 550 551
968: 969 554
969: 552 968
970: 563 562
971: 566 567
972: 572 582
973: 579 581
974: 580 581
975: 581 976 595
976: 581 977 975
977: 581 595 976
978: 588 589
979: 588 980
980: 588 979 597
981: 590 982 591
982: 590 591 981
983: 615 984
984: 615 983 617
985: 623 653
986: 623 653
987: 627 629
988: 632 772
989: 633 776
990: 633 776
991: 992 779 993
992: 635 993 991
993: 635 779 991 992
994: 640 656
995: 996 665
996: 641 995
997: 650 651
998: 658 659
999: 661 663
1000: 1001 669
1001: 668 669 1000
1002: 668 681
1003: 669 685
1004: 677 678
1005: 677 745
1006: 678 699
1007: 681 680
1008: 692 693
1009: 700 699
1010: 712 713
1011: 712 758
1012: 1013 728
1013: 713 728 1012
1014: 729 725
1015: 731 1016
1016: 731 1015 763
1017: 1018 737
1018: 736 737 1017
1019: 742 743
1020: 743 744
1021: 748 745
1022: 750 751
1023: 752 751
1024: 751 1091 761
1025: 1026 753
1026: 752 1025
1027: 752 1028 761 1031 1032
1028: 752 1029 1027
1029: 1030 1028 1032
1030: 752 761 1031 1032 1029
1031: 761 1027 1030
1032: 1027 1029 1030
1033: 755 756
1034: 756 759
1035: 770 1036
1036: 770 1035 771
1037: 1038 777 1040
1038: 770 1039 1037
1039: 770 777 1040 1038
1040: 777 1037 1039
1041: 778 1042 1092 1093 779
1042: 778 779 1041
1043: 1044 2 3 4 794
1044: 4 795 6 1 1043 7
1045: 40
1046: 44
1047: 55
1048: 87
1049: 101
1050: 116
1051: 116
1052: 168
1053: 175
1054: 180
1055: 189
1056: 191
1057: 204
1058: 242
1059: 275
1060: 288
1061: 303
1062: 320
1063: 1094 358 1095
1064: 396
1065: 454
1066: 455
1067: 466
1068: 521
1069: 523
1070: 546
1071: 547
1072: 1073 548
1073: 548 1072
1074: 597
1075: 649
1076: 652
1077: 719
1078: 728
1079: 773
1080: 1096 782
1081: 802
1082: 853
1083: 856
1084: 868
1085: 871
1086: 879
1087: 929
1088: 943
1089: 953
1090: 962
1091: 1024
1092: 1041
1093: 1041
1094: 1095 1063
1095: 1063 1094
1096: 1080
