1: 2
2: 1 3 17
3: 2 4
4: 3 5 855
5: 4
6: 7 880
7: 6 8 22 23 411 453 454 889
8: 7 9 479 480 561
9: 8 10 537 561 1074
10: 9 11 536 561
11: 10 12 560
12: 11 13 27 30 559
13: 12 14 596 1138
14: 13 34
15: 16
16: 15 17
17: 2 16 18
18: 17 19 823
19: 18 20 388 389 627
20: 19 21
21: 20
22: 7 409 885
23: 7 24 537 538 1078 1109
24: 23 25 1110
25: 24 26
26: 25 27
27: 12 26 28 561
28: 27 29
29: 28 30
30: 12 29 31
31: 30 32
32: 31 33
33: 32 34
34: 14 33 1159
35: 36 392
36: 35 37 631
37: 36 38 628 863 1011
38: 37 39
39: 38 40 412 413 628 875 876 881
40: 39 41
41: 40 42
42: 41 43 876 881 882
43: 42 44 50 51 411 454 455
44: 43 45
45: 44 46 888
46: 45 47 485 889 1036
47: 46 48 73 486 890
48: 47 49 74
49: 48 50 485 629
50: 43 49 51 629
51: 43 50 52 538 901
52: 51 53
53: 52 54 629
54: 53 55 540
55: 54 56
56: 55 57 540 541 912
57: 56 86 541 562
58: 59
59: 58 60
60: 59
61: 62
62: 61 63 1144
63: 62
64: 65 394 411 842
65: 64 66 393 394 1012
66: 65 67
67: 66 68
68: 67 69 669 863
69: 68 70 414 415 630 633
70: 69 71 417 456 670 879
71: 70 72
72: 71 73 671 888
73: 47 72 1037
74: 48 75
75: 74 76 486
76: 75 77
77: 76 78 677
78: 77 79
79: 78 80
80: 79 81
81: 80 82 540 541 542 904
82: 81 83
83: 82 84 632
84: 83 85 115 116
85: 84 86 914
86: 57 85 154 1143
87: 88
88: 87 89
89: 88 90
90: 89 91 604 798
91: 90 92
92: 91 93
93: 92 374 375 600
94: 95
95: 94 96 668
96: 95 97
97: 96 98
98: 97 99
99: 98 100
100: 99 101 137 633 681
101: 100 102 397 398
102: 101 103
103: 102 104 669
104: 103 105
105: 104 106 670 671 673
106: 105 107 457 458 693 891
107: 106 108 144 673 674 695 1040 1044
108: 107 109 496
109: 108 110 1079
110: 109 111 493 494 495 1042
111: 110 112
112: 111 113 905
113: 112 114
114: 113 115
115: 84 114 149 542
116: 84 117
117: 116 118 150 151
118: 117 119
119: 118 120
120: 119 121 1145
121: 120 122 1145
122: 121 123 1150
123: 122 124 1149
124: 123
125: 126 573
126: 125 127 1161
127: 126 128
128: 127 572
129: 130
130: 129 131 164 372
131: 130 132
132: 131 133
133: 132 134 678
134: 133 135
135: 134
136: 137 681 843
137: 100 136 138 169 171 399 690 994
138: 137 139 864
139: 138 140 422 423
140: 139 141
141: 140 142 178 179 459 687 715
142: 141 143
143: 142 144 497 498 893
144: 107 143 145 496 497 1080
145: 144 146 701 906 907
146: 145 147
147: 146 148
148: 147 149 543
149: 115 148 150
150: 117 149
151: 117 152
152: 151 153 917
153: 152 154
154: 86 153 155
155: 154 156 1146
156: 155 157 576
157: 156 576
158: 159 577
159: 158 160
160: 159 161 210
161: 160 162
162: 161 163
163: 162 212
164: 130 165 373 599 844
165: 164
166: 167
167: 166 168
168: 167 169 856
169: 137 168 170
170: 169 171
171: 137 170 172 400
172: 171 173
173: 172 174 423 424 864
174: 173 175
175: 174 176
176: 175 177
177: 176 178 715 1030
178: 141 177
179: 141 180 499
180: 179 181 460 499 1031 1032
181: 180 182 234 235 499 735 1049
182: 181 183
183: 182 184
184: 183 185
185: 184 186
186: 185 187 188 718
187: 186 188 1083
188: 186 187 189 545 546 699
189: 188 190 719
190: 189 191 543 1113
191: 190 192 719
192: 191 193 194
193: 192 194 1153
194: 192 193 195 196 1116
195: 194 196 1124
196: 194 195 197 241 1153
197: 196 198 242 243
198: 197 199
199: 198 200
200: 199 201
201: 200 202
202: 201 203
203: 202 204 246 577
204: 203 205 206 247 931 932
205: 204 206
206: 204 205 207 248 1170
207: 206 208
208: 207 209
209: 208
210: 160 211
211: 210 212 933
212: 163 211 1171
213: 214
214: 213 249
215: 216
216: 215 217
217: 216 218 288 616
218: 217 219
219: 218 220
220: 219 221
221: 220 222 703
222: 221 223
223: 222 224 802
224: 223 225 808
225: 224 226 708 709
226: 225 227
227: 226 228
228: 227 811 834 835
229: 230 730 731 858
230: 229 231 400
231: 230 232
232: 231 233 401 424
233: 232 234 427 428 1033
234: 181 233 1031
235: 181 236 1051
236: 235 237 501 502 717 718 720 735
237: 236 238 910
238: 237 239 1092
239: 238 240
240: 239 241 546 547 1118
241: 196 240 242 549 563
242: 197 241 1154
243: 197 244
244: 243 245
245: 244 246
246: 203 245 247 276 747
247: 204 246
248: 206
249: 214 250
250: 249 251
251: 250
252: 253 1009
253: 252 254 401 711 995
254: 253 255 403 860 995
255: 254 256
256: 255 257
257: 256 258
258: 257 259
259: 258 260 466 467
260: 259 261
261: 260 262
262: 261 263 748 894
263: 262 264
264: 263 265 510
265: 264 266 509 512 551 753
266: 265 267
267: 266 268 552
268: 267 269 754
269: 268 270 553 1125
270: 269 271 760 1126
271: 270 272
272: 271 273
273: 272 274
274: 273 275
275: 274 276
276: 246 275 578
277: 278 284 290 378 837
278: 277 279 711
279: 278 280 1008
280: 279 281 287 292 433 434
281: 280 756 896 897
282: 283 555
283: 282
284: 277 285 291 296 297 310 404 405 847 848
285: 284 286
286: 285 287
287: 280 286 865
288: 217 289
289: 288 290
290: 277 289
291: 284 292
292: 280 291 293 435
293: 292 294
294: 293 295
295: 294
296: 284
297: 284 298 865 866
298: 297 782 783
299: 300 314 474
300: 299 301
301: 300 302
302: 301 303
303: 302 304
304: 303 305 519 520
305: 304 306 942
306: 305 307
307: 306 308
308: 307 309
309: 308
310: 284 311
311: 310 312
312: 311 313 435
313: 312 314 321
314: 299 313 315
315: 314 316
316: 315 317 522
317: 316 318 945
318: 317
319: 320 406 407
320: 319 321 866 867
321: 313 320 322 436
322: 321 323
323: 322 324
324: 323 325
325: 324 326
326: 325 327
327: 326 328
328: 327 523
329: 330 407 408
330: 329 331
331: 330 332
332: 331 333
333: 332 334
334: 333 335 343
335: 334 336 870
336: 335 337 444
337: 336 338 443 954
338: 337 339 954
339: 338 340 531 532 957
340: 339
341: 342 350 408 854
342: 341 343 976
343: 334 342 344 351
344: 343 345
345: 344 346
346: 345 347 445 965
347: 346 348 444 956
348: 347 349
349: 348
350: 341 351
351: 343 350 352 977
352: 351 353
353: 352 354 449 450
354: 353
355: 356
356: 355
357: 358
358: 357 359
359: 358 360
360: 359 361
361: 360 362 611 612
362: 361 363
363: 362 364
364: 363 800 801
365: 366
366: 365 367
367: 366 382 590
368: 369
369: 368 370 840
370: 369 371 623
371: 370
372: 130
373: 164 374 793
374: 93 373
375: 93 376 831 832
376: 375 796 797
377: 378 711 998 1006
378: 277 377
379: 380 986
380: 379 381
381: 380 382
382: 367 381
383: 384
384: 383 385
385: 384 386
386: 385 387
387: 386 388
388: 19 387
389: 19 390 861
390: 389 391 855
391: 390
392: 35 393
393: 65 392
394: 64 65 395 987
395: 394 396
396: 395 397
397: 101 396 669
398: 101 399
399: 137 398 682
400: 171 230 401 424
401: 232 253 400 402 731 732 1019
402: 401 403 452 475
403: 254 402 404 1008
404: 284 403
405: 284 406
406: 319 405
407: 319 329 851
408: 329 341
409: 22 410 862 1024
410: 409 411
411: 7 43 64 410 412
412: 39 411 1014
413: 39 414 876 1029
414: 69 413 1015
415: 69 416
416: 415 417 669 670 883
417: 70 416 418
418: 417 419
419: 418 420
420: 419 421
421: 420 422 690 691
422: 139 421 683
423: 139 173
424: 173 232 400 425 712
425: 424 426
426: 425 427
427: 233 426
428: 233 429 732 733
429: 428 430 732 1016
430: 429 431
431: 430 432
432: 431 433 465 1019
433: 280 432 434 1020
434: 280 433 468
435: 292 312
436: 321 437
437: 436 438
438: 437 439
439: 438 440 523 950
440: 439 441 527 528 950
441: 440 442
442: 441 443 953
443: 337 442
444: 336 347
445: 346 446 969
446: 445 447
447: 446 448
448: 447 449 973
449: 353 448
450: 353 451
451: 450
452: 402 453
453: 7 452 478 479 885
454: 7 43 874 881 885
455: 43 456 882
456: 70 455 457
457: 106 456
458: 106 459
459: 141 458 687 688 694
460: 180 461 1045
461: 460 462 1018
462: 461 463 464 717 735
463: 462 464
464: 462 463 465 1047
465: 432 464 466 748
466: 259 465
467: 259 468
468: 434 467 469 1067
469: 468 470
470: 469 471 896 1068
471: 470 472
472: 471 473
473: 472 474 899
474: 299 473
475: 402 476
476: 475 477
477: 476 478 900
478: 453 477 479
479: 8 453 478 620
480: 8 481
481: 480 482
482: 481 483 628
483: 482 484
484: 483 485
485: 46 49 484
486: 47 75 487
487: 486 488 672
488: 487 489
489: 488 490 675
490: 489 491 674
491: 490 492 494 495
492: 491 493
493: 110 492
494: 110 491
495: 110 491
496: 108 144
497: 143 144 696 893
498: 143 499
499: 179 180 181 498 500 689 698
500: 499 501
501: 236 500
502: 236 503
503: 502 504 1046
504: 503 505 737 738 749 910
505: 504 506 750 1052
506: 505 507 751
507: 506 508
508: 507 509 752 753 1048
509: 265 508 1053
510: 264 511 758
511: 510 512
512: 265 511 513 554 759
513: 512 1095
514: 515 558
515: 514 516 785
516: 515 517 1108
517: 516 518
518: 517 519
519: 304 518
520: 304 521
521: 520 522
522: 316 521
523: 328 439 524 951
524: 523 525
525: 524 526
526: 525 527
527: 440 526
528: 440 529
529: 528 530
530: 529 531
531: 339 530
532: 339 533 959
533: 532 534
534: 533 956
535: 536 591
536: 10 535 1139
537: 9 23 621 622
538: 23 51 539 1110
539: 538 540
540: 54 56 81 539 1112
541: 56 57 81 542
542: 81 115 541
543: 148 190 544 545
544: 543 545
545: 188 543 544 699 702
546: 188 240
547: 240 548
548: 547 549 910
549: 241 548 550
550: 549 551 741 742 753
551: 265 550
552: 267 553
553: 269 552 554
554: 512 553 760
555: 282 556
556: 555 557
557: 556 558
558: 514 557
559: 12 560 593 594
560: 11 559
561: 8 9 10 27 562
562: 57 561 911
563: 241 564 745 746 1154
564: 563 565
565: 564 566
566: 565 567 580
567: 566 568 775
568: 567 569
569: 568 570
570: 569 571
571: 570
572: 128 573
573: 125 572
574: 575
575: 574 576 1150
576: 156 157 575
577: 158 203 931 1164
578: 276 766 767
579: 580
580: 566 579 581 1155
581: 580 582 775 928
582: 581 583
583: 582 584
584: 583 585
585: 584
586: 587
587: 586 588 812 820
588: 587 589
589: 588 590
590: 367 589
591: 535 592
592: 591 593
593: 559 592 918
594: 559 595
595: 594 596
596: 13 595
597: 598 884
598: 597 1072 1073
599: 164
600: 93 601 819 829 830
601: 600 602
602: 601 603
603: 602 604 985
604: 90 603 605 634
605: 604 606
606: 605 607
607: 606 608
608: 607 609 800
609: 608 610
610: 609
611: 361
612: 361 613
613: 612 614
614: 613 615 716
615: 614 616
616: 217 615
617: 618
618: 617 619
619: 618 1139
620: 479 621
621: 537 620
622: 537
623: 370 624 841
624: 623 625
625: 624 626
626: 625 627
627: 19 626
628: 37 39 482 862
629: 49 50 53 902
630: 69
631: 36
632: 83
633: 69 100 842 991 992
634: 604 635
635: 634 636
636: 635 637
637: 636 638
638: 637 639
639: 638 640
640: 639
641: 642
642: 641 643
643: 642 644 984
644: 643 645
645: 644
646: 647
647: 646 648
648: 647
649: 650
650: 649 651
651: 650 652 813
652: 651
653: 654
654: 653 655
655: 654 656
656: 655
657: 658
658: 657 659
659: 658 660
660: 659 661
661: 660 662
662: 661 663
663: 662 664
664: 663 665
665: 664 824
666: 667
667: 666 668
668: 95 667
669: 68 103 397 416
670: 70 105 416
671: 72 105 672 673
672: 487 671
673: 105 107 671 674
674: 107 490 673 890
675: 489 676
676: 675 677
677: 77 676
678: 133
679: 680
680: 679 681
681: 100 136 680
682: 399 683 1026
683: 422 682 684 692
684: 683 685
685: 684 686
686: 685 687 887
687: 141 459 686 1030
688: 459 689 1043
689: 499 688
690: 137 421
691: 421 692
692: 683 691 693
693: 106 692 886 887
694: 459 695
695: 107 694
696: 497 697 1081
697: 696 698
698: 499 697 699 700 907 908
699: 188 545 698 700
700: 698 699
701: 145 702
702: 545 701 1082
703: 221 704
704: 703 705
705: 704 706
706: 705 707
707: 706 708
708: 225 707
709: 225 710 809 811
710: 709 810
711: 253 278 377 728 845 846
712: 424 713
713: 712 714
714: 713 715
715: 141 177 714 1031
716: 614
717: 236 462 736
718: 186 236
719: 189 191
720: 236 721
721: 720 722
722: 721 723 1092
723: 722 724
724: 723 725
725: 724 726 1091 1116
726: 725 727
727: 726
728: 711 729 1009 1010
729: 728 730 859
730: 229 729
731: 229 401
732: 401 428 429
733: 428 734
734: 733 735
735: 181 236 462 734
736: 717 737
737: 504 736
738: 504 739
739: 738 740 752 910
740: 739 741
741: 550 740
742: 550
743: 744
744: 743 745
745: 563 744 755
746: 563 747
747: 246 746
748: 262 465 749
749: 504 748 750
750: 505 749
751: 506 752
752: 508 739 751 753
753: 265 508 550 752
754: 268 755
755: 745 754
756: 281 757
757: 756 758
758: 510 757 759 1069
759: 512 758
760: 270 554 761
761: 760 762
762: 761 763
763: 762 764
764: 763 765
765: 764 766
766: 578 765 922
767: 578 768
768: 767 769 935 1156 1157
769: 768 770
770: 769 771
771: 770 772
772: 771 773
773: 772 774
774: 773
775: 567 581
776: 777
777: 776 778
778: 777 779
779: 778 780
780: 779
781: 782 897 898
782: 298 781
783: 298 784
784: 783 785
785: 515 784
786: 787
787: 786 788
788: 787 789
789: 788 790
790: 789 791
791: 790 792
792: 791 949
793: 373 794
794: 793 795
795: 794 796 844
796: 376 795
797: 376 798
798: 90 797 799
799: 798 800
800: 364 608 799
801: 364 802
802: 223 801 807
803: 804
804: 803 805
805: 804 806
806: 805 807
807: 802 806
808: 224 809
809: 709 808 810
810: 710 809
811: 228 709
812: 587
813: 651 814
814: 813 815
815: 814 816
816: 815 817
817: 816 818
818: 817 819
819: 600 818
820: 587
821: 822
822: 821 823
823: 18 822
824: 665 825
825: 824 826
826: 825 827
827: 826 828
828: 827 829
829: 600 828 983
830: 600 831
831: 375 830
832: 375 833
833: 832
834: 228
835: 228 836
836: 835 837
837: 277 836
838: 839
839: 838 840
840: 369 839
841: 623
842: 64 633 987
843: 136 993
844: 164 795
845: 711
846: 711 847 996 997
847: 284 846
848: 284 849
849: 848 850
850: 849 851
851: 407 850 852
852: 851 853
853: 852 854
854: 341 853
855: 4 390
856: 168 857
857: 856 858
858: 229 857
859: 729 860
860: 254 859
861: 389
862: 409 628 1027
863: 37 68
864: 138 173
865: 287 297
866: 297 320
867: 320 868
868: 867 869
869: 868 870
870: 335 869
871: 872
872: 871 873
873: 872 874
874: 454 873 875 1028
875: 39 874
876: 39 42 413 877
877: 876 878
878: 877 879
879: 70 878
880: 6 881
881: 39 42 454 880
882: 42 455 883
883: 416 882
884: 597 885 1023
885: 22 453 454 884
886: 693
887: 686 693
888: 45 72
889: 7 46
890: 47 674
891: 106 892
892: 891 893
893: 143 497 892 1044
894: 262 895 1065 1066
895: 894 896
896: 281 470 895 1064 1069
897: 281 781
898: 781 899
899: 473 898
900: 477 901
901: 51 900
902: 629 903
903: 902 904
904: 81 903
905: 112 906
906: 145 905
907: 145 698 1082
908: 698 909
909: 908
910: 237 504 548 739
911: 562 912
912: 56 911
913: 914
914: 85 913
915: 916
916: 915 917
917: 152 916
918: 593 919 1128 1129
919: 918 920 1131
920: 919 921
921: 920
922: 766 923
923: 922
924: 925
925: 924 926
926: 925 927
927: 926
928: 581 929
929: 928 930
930: 929
931: 204 577
932: 204
933: 211 934
934: 933
935: 768 936
936: 935 937
937: 936
938: 939
939: 938 940
940: 939 941
941: 940
942: 305 943
943: 942 944
944: 943
945: 317 946
946: 945 947
947: 946 948
948: 947 949
949: 792 948
950: 439 440 952
951: 523
952: 950
953: 442
954: 337 338 955
955: 954 956
956: 347 534 955
957: 339 958
958: 957 959
959: 532 958 960 962
960: 959 961
961: 960
962: 959 963
963: 962 964
964: 963
965: 346 966 968
966: 965 967
967: 966
968: 965 969
969: 445 968 970
970: 969
971: 972
972: 971
973: 448
974: 975 978
975: 974 976
976: 342 975
977: 351
978: 974
979: 980
980: 979 981
981: 980 982
982: 981 983
983: 829 982
984: 643 985
985: 603 984
986: 379
987: 394 842 988
988: 987 989
989: 988
990: 991
991: 633 990
992: 633
993: 843 994
994: 137 993
995: 253 254 996 1010
996: 846 995
997: 846
998: 377 999 1001 1002
999: 998 1000
1000: 999
1001: 998
1002: 998 1003
1003: 1002 1004
1004: 1003 1005
1005: 1004
1006: 377 1007
1007: 1006
1008: 279 403
1009: 252 728
1010: 728 995
1011: 37 1012 1013
1012: 65 1011
1013: 1011
1014: 412 1015
1015: 414 1014
1016: 429 1017
1017: 1016 1018
1018: 461 1017
1019: 401 432 1020
1020: 433 1019
1021: 1022
1022: 1021
1023: 884
1024: 409 1025
1025: 1024 1026
1026: 682 1025
1027: 862
1028: 874
1029: 413
1030: 177 687
1031: 180 234 715 1033
1032: 180
1033: 233 1031
1034: 1035
1035: 1034
1036: 46
1037: 73
1038: 1039
1039: 1038
1040: 107 1041
1041: 1040 1042
1042: 110 1041
1043: 688
1044: 107 893
1045: 460
1046: 503 1047
1047: 464 1046
1048: 508
1049: 181 1050
1050: 1049 1051
1051: 235 1050
1052: 505
1053: 509
1054: 1055
1055: 1054 1056
1056: 1055 1057
1057: 1056 1058
1058: 1057 1059
1059: 1058 1060
1060: 1059
1061: 1062
1062: 1061 1063
1063: 1062 1064
1064: 896 1063
1065: 894
1066: 894 1067
1067: 468 1066
1068: 470
1069: 758 896
1070: 1071
1071: 1070
1072: 598
1073: 598 1074
1074: 9 1073 1075
1075: 1074
1076: 1077
1077: 1076
1078: 23
1079: 109 1080
1080: 144 1079
1081: 696
1082: 702 907
1083: 187
1084: 1085
1085: 1084 1086
1086: 1085 1087
1087: 1086 1088
1088: 1087 1089
1089: 1088 1090
1090: 1089 1091 1115
1091: 725 1090
1092: 238 722
1093: 1094
1094: 1093
1095: 513 1096
1096: 1095
1097: 1098
1098: 1097 1099
1099: 1098 1100
1100: 1099 1101
1101: 1100 1102
1102: 1101 1103
1103: 1102 1104
1104: 1103 1105
1105: 1104 1106
1106: 1105
1107: 1108
1108: 516 1107
1109: 23 1111
1110: 24 538
1111: 1109
1112: 540
1113: 190 1114
1114: 1113
1115: 1090
1116: 194 725 1117
1117: 1116 1118
1118: 240 1117 1119 1124
1119: 1118 1120
1120: 1119 1121
1121: 1120 1122
1122: 1121 1123
1123: 1122
1124: 195 1118
1125: 269
1126: 270
1127: 1128
1128: 918 1127
1129: 918 1130 1140
1130: 1129
1131: 919 1132
1132: 1131 1133 1142
1133: 1132 1134
1134: 1133 1135
1135: 1134 1136
1136: 1135
1137: 1138
1138: 13 1137
1139: 536 619
1140: 1129
1141: 1142
1142: 1132 1141
1143: 86
1144: 62
1145: 120 121 1146
1146: 155 1145
1147: 1148
1148: 1147
1149: 123
1150: 122 575
1151: 1152
1152: 1151
1153: 193 196
1154: 242 563
1155: 580 1156
1156: 768 1155
1157: 768
1158: 1159
1159: 34 1158
1160: 1161
1161: 126 1160
1162: 1163
1163: 1162
1164: 577 1165
1165: 1164 1166
1166: 1165
1167: 1168
1168: 1167 1169
1169: 1168 1170
1170: 206 1169
1171: 212 1172
1172: 1171
1173: 1174
1174: 1173
