1: 2 3 7
2: 1 3 7
3: 1 2 7
4: 5 6 8
5: 4 6 8
6: 4 5 8
7: 1 2 3 8
8: 4 5 6 7

1: 5 2 3
2: 3 1 5 4
3: 5 1 2 4 6 7
4: 3 2 5 8 6
5: 4 2 1 3 7 8
6: 7 3 4 8
7: 8 5 3 6
8: 6 4 5 7

1: 5
2: 4 5
3: 4 5
4: 2 3
5: 1 2 3

1: 2 3 7 8 9 15 16
2: 3 4 5 6 16
3: 4 7 10
4: 5 10 11 12 13
5: 6 11
6: 11 14 16
7: 8 10
8: 9 10
9: 10 15
10: 13 15
11: 12 14
12: 13 14
13: 14 15 16
14: 16
15: 16

1: 2 3 4
2: 3 4
3: 4 5 6
4: 6
5: 6

1: 5
2: 5
3: 4
4: 3 5
5: 1 2 4

1:
2:
3:
4: 5 6
5: 4 6
6: 4 5

1: 2 4 3 5
2: 4 3 5 1
3: 1 2 5 4
4: 2 5 3 1
5: 3 4 2 1

1: 2 4 3 5
2: 4 3 5 1
3: 1 2 4
4: 2 5 3 1
5: 4 2 1
